2025-10-28 09:50:24.168  INFO 2508 --- [restartedMain] project.gasnow.GasNowApplication         : Starting GasNowApplication using Java 21.0.8 with PID 2508 (C:\Users\TJ\Desktop\GasNOW\build\classes\java\main started by TJ in C:\Users\TJ\Desktop\GasNOW)
2025-10-28 09:50:24.171  INFO 2508 --- [restartedMain] project.gasnow.GasNowApplication         : No active profile set, falling back to 1 default profile: "default"
2025-10-28 09:50:24.223  INFO 2508 --- [restartedMain] .e.DevToolsPropertyDefaultsPostProcessor : Devtools property defaults active! Set 'spring.devtools.add-properties' to 'false' to disable
2025-10-28 09:50:24.224  INFO 2508 --- [restartedMain] .e.DevToolsPropertyDefaultsPostProcessor : For additional web related logging consider setting the 'logging.level.web' property to 'DEBUG'
2025-10-28 09:50:26.326  WARN 2508 --- [restartedMain] o.m.s.mapper.ClassPathMapperScanner      : No MyBatis mapper was found in '[project.gasnow]' package. Please check your configuration.
2025-10-28 09:50:26.771  INFO 2508 --- [restartedMain] o.s.b.w.embedded.tomcat.TomcatWebServer  : Tomcat initialized with port 8080 (http)
2025-10-28 09:50:26.786  INFO 2508 --- [restartedMain] o.apache.catalina.core.StandardService   : Starting service [Tomcat]
2025-10-28 09:50:26.786  INFO 2508 --- [restartedMain] o.apache.catalina.core.StandardEngine    : Starting Servlet engine: [Apache Tomcat/10.1.48]
2025-10-28 09:50:26.835  INFO 2508 --- [restartedMain] o.a.c.c.C.[Tomcat].[localhost].[/]       : Initializing Spring embedded WebApplicationContext
2025-10-28 09:50:26.835  INFO 2508 --- [restartedMain] w.s.c.ServletWebServerApplicationContext : Root WebApplicationContext: initialization completed in 2611 ms
2025-10-28 09:50:27.072  INFO 2508 --- [restartedMain] o.s.b.a.w.s.WelcomePageHandlerMapping    : Adding welcome page template: index
2025-10-28 09:50:27.727  WARN 2508 --- [restartedMain] .s.s.UserDetailsServiceAutoConfiguration : 

Using generated security password: b2112c48-d808-42f1-a864-421a365a6f40

This generated password is for development use only. Your security configuration must be updated before running your application in production.

2025-10-28 09:50:27.736  INFO 2508 --- [restartedMain] r$InitializeUserDetailsManagerConfigurer : Global AuthenticationManager configured with UserDetailsService bean with name inMemoryUserDetailsManager
2025-10-28 09:50:27.856  INFO 2508 --- [restartedMain] o.s.b.a.e.web.EndpointLinksResolver      : Exposing 1 endpoint beneath base path '/actuator'
2025-10-28 09:50:27.964  INFO 2508 --- [restartedMain] o.s.b.d.a.OptionalLiveReloadServer       : LiveReload server is running on port 35729
2025-10-28 09:50:28.041  INFO 2508 --- [restartedMain] o.s.b.w.embedded.tomcat.TomcatWebServer  : Tomcat started on port 8080 (http) with context path '/'
2025-10-28 09:50:28.056  INFO 2508 --- [restartedMain] project.gasnow.GasNowApplication         : Started GasNowApplication in 4.821 seconds (process running for 6.034)
2025-10-28 09:50:28.351  INFO 2508 --- [RMI TCP Connection(1)-192.168.0.210] o.a.c.c.C.[Tomcat].[localhost].[/]       : Initializing Spring DispatcherServlet 'dispatcherServlet'
2025-10-28 09:50:28.351  INFO 2508 --- [RMI TCP Connection(1)-192.168.0.210] o.s.web.servlet.DispatcherServlet        : Initializing Servlet 'dispatcherServlet'
2025-10-28 09:50:28.353  INFO 2508 --- [RMI TCP Connection(1)-192.168.0.210] o.s.web.servlet.DispatcherServlet        : Completed initialization in 2 ms
2025-10-28 09:50:28.379  WARN 2508 --- [RMI TCP Connection(3)-192.168.0.210] com.zaxxer.hikari.HikariConfig           : MyHikariCP - idleTimeout has been set but has no effect because the pool is operating as a fixed size pool.
2025-10-28 09:50:28.381  INFO 2508 --- [RMI TCP Connection(3)-192.168.0.210] com.zaxxer.hikari.HikariDataSource       : MyHikariCP - Starting...
2025-10-28 09:50:28.941  INFO 2508 --- [RMI TCP Connection(3)-192.168.0.210] com.zaxxer.hikari.pool.HikariPool        : MyHikariCP - Added connection com.mysql.cj.jdbc.ConnectionImpl@faae263
2025-10-28 09:50:28.945  INFO 2508 --- [RMI TCP Connection(3)-192.168.0.210] com.zaxxer.hikari.HikariDataSource       : MyHikariCP - Start completed.
2025-10-28 09:52:16.256  INFO 2508 --- [File Watcher] rtingClassPathChangeChangedEventListener : Restarting due to 1 class path change (0 additions, 0 deletions, 1 modification)
2025-10-28 09:52:16.287  INFO 2508 --- [Thread-5] o.s.b.w.e.tomcat.GracefulShutdown        : Commencing graceful shutdown. Waiting for active requests to complete
2025-10-28 09:52:16.403  INFO 2508 --- [tomcat-shutdown] o.s.b.w.e.tomcat.GracefulShutdown        : Graceful shutdown complete
2025-10-28 09:52:16.412  INFO 2508 --- [Thread-5] com.zaxxer.hikari.HikariDataSource       : MyHikariCP - Shutdown initiated...
2025-10-28 09:52:16.509  INFO 2508 --- [Thread-5] com.zaxxer.hikari.HikariDataSource       : MyHikariCP - Shutdown completed.
2025-10-28 09:52:16.620  INFO 2508 --- [restartedMain] project.gasnow.GasNowApplication         : Starting GasNowApplication using Java 21.0.8 with PID 2508 (C:\Users\TJ\Desktop\GasNOW\build\classes\java\main started by TJ in C:\Users\TJ\Desktop\GasNOW)
2025-10-28 09:52:16.621  INFO 2508 --- [restartedMain] project.gasnow.GasNowApplication         : No active profile set, falling back to 1 default profile: "default"
2025-10-28 09:52:17.711  WARN 2508 --- [restartedMain] o.m.s.mapper.ClassPathMapperScanner      : No MyBatis mapper was found in '[project.gasnow]' package. Please check your configuration.
2025-10-28 09:52:17.814  INFO 2508 --- [restartedMain] o.s.b.w.embedded.tomcat.TomcatWebServer  : Tomcat initialized with port 8080 (http)
2025-10-28 09:52:17.815  INFO 2508 --- [restartedMain] o.apache.catalina.core.StandardService   : Starting service [Tomcat]
2025-10-28 09:52:17.815  INFO 2508 --- [restartedMain] o.apache.catalina.core.StandardEngine    : Starting Servlet engine: [Apache Tomcat/10.1.48]
2025-10-28 09:52:17.861  INFO 2508 --- [restartedMain] o.a.c.c.C.[Tomcat].[localhost].[/]       : Initializing Spring embedded WebApplicationContext
2025-10-28 09:52:17.861  INFO 2508 --- [restartedMain] w.s.c.ServletWebServerApplicationContext : Root WebApplicationContext: initialization completed in 1237 ms
2025-10-28 09:52:17.975  INFO 2508 --- [restartedMain] o.s.b.a.w.s.WelcomePageHandlerMapping    : Adding welcome page template: index
2025-10-28 09:52:18.123  WARN 2508 --- [restartedMain] .s.s.UserDetailsServiceAutoConfiguration : 

Using generated security password: b21ba373-5daf-4d9e-aea2-c05f49657825

This generated password is for development use only. Your security configuration must be updated before running your application in production.

2025-10-28 09:52:18.124  INFO 2508 --- [restartedMain] r$InitializeUserDetailsManagerConfigurer : Global AuthenticationManager configured with UserDetailsService bean with name inMemoryUserDetailsManager
2025-10-28 09:52:18.136  INFO 2508 --- [restartedMain] o.s.b.a.e.web.EndpointLinksResolver      : Exposing 1 endpoint beneath base path '/actuator'
2025-10-28 09:52:18.163  INFO 2508 --- [restartedMain] o.s.b.d.a.OptionalLiveReloadServer       : LiveReload server is running on port 35729
2025-10-28 09:52:18.182  INFO 2508 --- [restartedMain] o.s.b.w.embedded.tomcat.TomcatWebServer  : Tomcat started on port 8080 (http) with context path '/'
2025-10-28 09:52:18.194  INFO 2508 --- [restartedMain] project.gasnow.GasNowApplication         : Started GasNowApplication in 1.629 seconds (process running for 116.169)
2025-10-28 09:52:18.197  INFO 2508 --- [restartedMain] .ConditionEvaluationDeltaLoggingListener : Condition evaluation unchanged
2025-10-28 09:54:18.823  INFO 2508 --- [File Watcher] rtingClassPathChangeChangedEventListener : Restarting due to 2 class path changes (0 additions, 2 deletions, 0 modifications)
2025-10-28 09:54:18.833  INFO 2508 --- [Thread-7] o.s.b.w.e.tomcat.GracefulShutdown        : Commencing graceful shutdown. Waiting for active requests to complete
2025-10-28 09:54:18.858  INFO 2508 --- [tomcat-shutdown] o.s.b.w.e.tomcat.GracefulShutdown        : Graceful shutdown complete
2025-10-28 09:54:19.110  INFO 2508 --- [restartedMain] project.gasnow.GasNowApplication         : Starting GasNowApplication using Java 21.0.8 with PID 2508 (C:\Users\TJ\Desktop\GasNOW\build\classes\java\main started by TJ in C:\Users\TJ\Desktop\GasNOW)
2025-10-28 09:54:19.111  INFO 2508 --- [restartedMain] project.gasnow.GasNowApplication         : No active profile set, falling back to 1 default profile: "default"
2025-10-28 09:54:20.711  WARN 2508 --- [restartedMain] o.m.s.mapper.ClassPathMapperScanner      : No MyBatis mapper was found in '[project.gasnow]' package. Please check your configuration.
2025-10-28 09:54:20.828  INFO 2508 --- [restartedMain] o.s.b.w.embedded.tomcat.TomcatWebServer  : Tomcat initialized with port 8080 (http)
2025-10-28 09:54:20.829  INFO 2508 --- [restartedMain] o.apache.catalina.core.StandardService   : Starting service [Tomcat]
2025-10-28 09:54:20.830  INFO 2508 --- [restartedMain] o.apache.catalina.core.StandardEngine    : Starting Servlet engine: [Apache Tomcat/10.1.48]
2025-10-28 09:54:20.881  INFO 2508 --- [restartedMain] o.a.c.c.C.[Tomcat].[localhost].[/]       : Initializing Spring embedded WebApplicationContext
2025-10-28 09:54:20.881  INFO 2508 --- [restartedMain] w.s.c.ServletWebServerApplicationContext : Root WebApplicationContext: initialization completed in 1766 ms
2025-10-28 09:54:20.980  INFO 2508 --- [restartedMain] o.s.b.a.w.s.WelcomePageHandlerMapping    : Adding welcome page template: index
2025-10-28 09:54:21.342  WARN 2508 --- [restartedMain] .s.s.UserDetailsServiceAutoConfiguration : 

Using generated security password: 022f9b62-9f24-4ed5-9606-589ba3483d42

This generated password is for development use only. Your security configuration must be updated before running your application in production.

2025-10-28 09:54:21.345  INFO 2508 --- [restartedMain] r$InitializeUserDetailsManagerConfigurer : Global AuthenticationManager configured with UserDetailsService bean with name inMemoryUserDetailsManager
2025-10-28 09:54:21.371  INFO 2508 --- [restartedMain] o.s.b.a.e.web.EndpointLinksResolver      : Exposing 1 endpoint beneath base path '/actuator'
2025-10-28 09:54:21.426  INFO 2508 --- [restartedMain] o.s.b.d.a.OptionalLiveReloadServer       : LiveReload server is running on port 35729
2025-10-28 09:54:21.459  INFO 2508 --- [restartedMain] o.s.b.w.embedded.tomcat.TomcatWebServer  : Tomcat started on port 8080 (http) with context path '/'
2025-10-28 09:54:21.472  INFO 2508 --- [restartedMain] project.gasnow.GasNowApplication         : Started GasNowApplication in 2.507 seconds (process running for 239.445)
2025-10-28 09:54:21.476  INFO 2508 --- [restartedMain] .ConditionEvaluationDeltaLoggingListener : Condition evaluation unchanged
2025-10-28 09:54:23.207  INFO 2508 --- [File Watcher] rtingClassPathChangeChangedEventListener : Restarting due to 2 class path changes (2 additions, 0 deletions, 0 modifications)
2025-10-28 09:54:23.211  INFO 2508 --- [Thread-11] o.s.b.w.e.tomcat.GracefulShutdown        : Commencing graceful shutdown. Waiting for active requests to complete
2025-10-28 09:54:23.221  INFO 2508 --- [tomcat-shutdown] o.s.b.w.e.tomcat.GracefulShutdown        : Graceful shutdown complete
2025-10-28 09:54:23.337  INFO 2508 --- [restartedMain] project.gasnow.GasNowApplication         : Starting GasNowApplication using Java 21.0.8 with PID 2508 (C:\Users\TJ\Desktop\GasNOW\build\classes\java\main started by TJ in C:\Users\TJ\Desktop\GasNOW)
2025-10-28 09:54:23.337  INFO 2508 --- [restartedMain] project.gasnow.GasNowApplication         : No active profile set, falling back to 1 default profile: "default"
2025-10-28 09:54:23.869  WARN 2508 --- [restartedMain] o.m.s.mapper.ClassPathMapperScanner      : No MyBatis mapper was found in '[project.gasnow]' package. Please check your configuration.
2025-10-28 09:54:23.922  INFO 2508 --- [restartedMain] o.s.b.w.embedded.tomcat.TomcatWebServer  : Tomcat initialized with port 8080 (http)
2025-10-28 09:54:23.923  INFO 2508 --- [restartedMain] o.apache.catalina.core.StandardService   : Starting service [Tomcat]
2025-10-28 09:54:23.924  INFO 2508 --- [restartedMain] o.apache.catalina.core.StandardEngine    : Starting Servlet engine: [Apache Tomcat/10.1.48]
2025-10-28 09:54:23.944  INFO 2508 --- [restartedMain] o.a.c.c.C.[Tomcat].[localhost].[/]       : Initializing Spring embedded WebApplicationContext
2025-10-28 09:54:23.946  INFO 2508 --- [restartedMain] w.s.c.ServletWebServerApplicationContext : Root WebApplicationContext: initialization completed in 607 ms
2025-10-28 09:54:24.011  INFO 2508 --- [restartedMain] o.s.b.a.w.s.WelcomePageHandlerMapping    : Adding welcome page template: index
2025-10-28 09:54:24.169  WARN 2508 --- [restartedMain] .s.s.UserDetailsServiceAutoConfiguration : 

Using generated security password: 84079e98-7347-4fc1-9380-3cd96466cef4

This generated password is for development use only. Your security configuration must be updated before running your application in production.

2025-10-28 09:54:24.170  INFO 2508 --- [restartedMain] r$InitializeUserDetailsManagerConfigurer : Global AuthenticationManager configured with UserDetailsService bean with name inMemoryUserDetailsManager
2025-10-28 09:54:24.183  INFO 2508 --- [restartedMain] o.s.b.a.e.web.EndpointLinksResolver      : Exposing 1 endpoint beneath base path '/actuator'
2025-10-28 09:54:24.228  INFO 2508 --- [restartedMain] o.s.b.d.a.OptionalLiveReloadServer       : LiveReload server is running on port 35729
2025-10-28 09:54:24.246  INFO 2508 --- [restartedMain] o.s.b.w.embedded.tomcat.TomcatWebServer  : Tomcat started on port 8080 (http) with context path '/'
2025-10-28 09:54:24.255  INFO 2508 --- [restartedMain] project.gasnow.GasNowApplication         : Started GasNowApplication in 0.954 seconds (process running for 242.228)
2025-10-28 09:54:24.257  INFO 2508 --- [restartedMain] .ConditionEvaluationDeltaLoggingListener : Condition evaluation unchanged
2025-10-28 10:03:13.099  INFO 2508 --- [File Watcher] rtingClassPathChangeChangedEventListener : Restarting due to 2 class path changes (0 additions, 2 deletions, 0 modifications)
2025-10-28 10:03:13.124  INFO 2508 --- [Thread-15] o.s.b.w.e.tomcat.GracefulShutdown        : Commencing graceful shutdown. Waiting for active requests to complete
2025-10-28 10:03:13.157  INFO 2508 --- [tomcat-shutdown] o.s.b.w.e.tomcat.GracefulShutdown        : Graceful shutdown complete
2025-10-28 10:03:13.941  INFO 2508 --- [restartedMain] project.gasnow.GasNowApplication         : Starting GasNowApplication using Java 21.0.8 with PID 2508 (C:\Users\TJ\Desktop\GasNOW\build\classes\java\main started by TJ in C:\Users\TJ\Desktop\GasNOW)
2025-10-28 10:03:13.941  INFO 2508 --- [restartedMain] project.gasnow.GasNowApplication         : No active profile set, falling back to 1 default profile: "default"
2025-10-28 10:03:15.542  WARN 2508 --- [restartedMain] o.m.s.mapper.ClassPathMapperScanner      : No MyBatis mapper was found in '[project.gasnow]' package. Please check your configuration.
2025-10-28 10:03:15.606  INFO 2508 --- [restartedMain] o.s.b.w.embedded.tomcat.TomcatWebServer  : Tomcat initialized with port 8080 (http)
2025-10-28 10:03:15.608  INFO 2508 --- [restartedMain] o.apache.catalina.core.StandardService   : Starting service [Tomcat]
2025-10-28 10:03:15.608  INFO 2508 --- [restartedMain] o.apache.catalina.core.StandardEngine    : Starting Servlet engine: [Apache Tomcat/10.1.48]
2025-10-28 10:03:15.630  INFO 2508 --- [restartedMain] o.a.c.c.C.[Tomcat].[localhost].[/]       : Initializing Spring embedded WebApplicationContext
2025-10-28 10:03:15.630  INFO 2508 --- [restartedMain] w.s.c.ServletWebServerApplicationContext : Root WebApplicationContext: initialization completed in 1674 ms
2025-10-28 10:03:15.696  INFO 2508 --- [restartedMain] o.s.b.a.w.s.WelcomePageHandlerMapping    : Adding welcome page template: index
2025-10-28 10:03:15.861  WARN 2508 --- [restartedMain] .s.s.UserDetailsServiceAutoConfiguration : 

Using generated security password: 16b674bf-470a-4f9f-a058-398489921433

This generated password is for development use only. Your security configuration must be updated before running your application in production.

2025-10-28 10:03:15.862  INFO 2508 --- [restartedMain] r$InitializeUserDetailsManagerConfigurer : Global AuthenticationManager configured with UserDetailsService bean with name inMemoryUserDetailsManager
2025-10-28 10:03:15.885  INFO 2508 --- [restartedMain] o.s.b.a.e.web.EndpointLinksResolver      : Exposing 1 endpoint beneath base path '/actuator'
2025-10-28 10:03:15.918  INFO 2508 --- [restartedMain] o.s.b.d.a.OptionalLiveReloadServer       : LiveReload server is running on port 35729
2025-10-28 10:03:15.934  INFO 2508 --- [restartedMain] o.s.b.w.embedded.tomcat.TomcatWebServer  : Tomcat started on port 8080 (http) with context path '/'
2025-10-28 10:03:15.941  INFO 2508 --- [restartedMain] project.gasnow.GasNowApplication         : Started GasNowApplication in 2.635 seconds (process running for 773.904)
2025-10-28 10:03:15.943  INFO 2508 --- [restartedMain] .ConditionEvaluationDeltaLoggingListener : Condition evaluation unchanged
2025-10-28 10:03:17.373  INFO 2508 --- [File Watcher] rtingClassPathChangeChangedEventListener : Restarting due to 2 class path changes (2 additions, 0 deletions, 0 modifications)
2025-10-28 10:03:17.375  INFO 2508 --- [Thread-19] o.s.b.w.e.tomcat.GracefulShutdown        : Commencing graceful shutdown. Waiting for active requests to complete
2025-10-28 10:03:17.379  INFO 2508 --- [tomcat-shutdown] o.s.b.w.e.tomcat.GracefulShutdown        : Graceful shutdown complete
2025-10-28 10:03:17.469  INFO 2508 --- [restartedMain] project.gasnow.GasNowApplication         : Starting GasNowApplication using Java 21.0.8 with PID 2508 (C:\Users\TJ\Desktop\GasNOW\build\classes\java\main started by TJ in C:\Users\TJ\Desktop\GasNOW)
2025-10-28 10:03:17.470  INFO 2508 --- [restartedMain] project.gasnow.GasNowApplication         : No active profile set, falling back to 1 default profile: "default"
2025-10-28 10:03:17.850  WARN 2508 --- [restartedMain] o.m.s.mapper.ClassPathMapperScanner      : No MyBatis mapper was found in '[project.gasnow]' package. Please check your configuration.
2025-10-28 10:03:17.895  INFO 2508 --- [restartedMain] o.s.b.w.embedded.tomcat.TomcatWebServer  : Tomcat initialized with port 8080 (http)
2025-10-28 10:03:17.896  INFO 2508 --- [restartedMain] o.apache.catalina.core.StandardService   : Starting service [Tomcat]
2025-10-28 10:03:17.896  INFO 2508 --- [restartedMain] o.apache.catalina.core.StandardEngine    : Starting Servlet engine: [Apache Tomcat/10.1.48]
2025-10-28 10:03:17.912  INFO 2508 --- [restartedMain] o.a.c.c.C.[Tomcat].[localhost].[/]       : Initializing Spring embedded WebApplicationContext
2025-10-28 10:03:17.912  INFO 2508 --- [restartedMain] w.s.c.ServletWebServerApplicationContext : Root WebApplicationContext: initialization completed in 441 ms
2025-10-28 10:03:17.968  INFO 2508 --- [restartedMain] o.s.b.a.w.s.WelcomePageHandlerMapping    : Adding welcome page template: index
2025-10-28 10:03:18.106  WARN 2508 --- [restartedMain] .s.s.UserDetailsServiceAutoConfiguration : 

Using generated security password: 8f9e245f-d983-4d4e-84b2-9b22de49355f

This generated password is for development use only. Your security configuration must be updated before running your application in production.

2025-10-28 10:03:18.107  INFO 2508 --- [restartedMain] r$InitializeUserDetailsManagerConfigurer : Global AuthenticationManager configured with UserDetailsService bean with name inMemoryUserDetailsManager
2025-10-28 10:03:18.122  INFO 2508 --- [restartedMain] o.s.b.a.e.web.EndpointLinksResolver      : Exposing 1 endpoint beneath base path '/actuator'
2025-10-28 10:03:18.153  INFO 2508 --- [restartedMain] o.s.b.d.a.OptionalLiveReloadServer       : LiveReload server is running on port 35729
2025-10-28 10:03:18.169  INFO 2508 --- [restartedMain] o.s.b.w.embedded.tomcat.TomcatWebServer  : Tomcat started on port 8080 (http) with context path '/'
2025-10-28 10:03:18.177  INFO 2508 --- [restartedMain] project.gasnow.GasNowApplication         : Started GasNowApplication in 0.739 seconds (process running for 776.139)
2025-10-28 10:03:18.179  INFO 2508 --- [restartedMain] .ConditionEvaluationDeltaLoggingListener : Condition evaluation unchanged
2025-10-28 10:10:26.060  INFO 2508 --- [File Watcher] rtingClassPathChangeChangedEventListener : Restarting due to 12 class path changes (0 additions, 12 deletions, 0 modifications)
2025-10-28 10:10:26.072  INFO 2508 --- [Thread-23] o.s.b.w.e.tomcat.GracefulShutdown        : Commencing graceful shutdown. Waiting for active requests to complete
2025-10-28 10:10:26.102  INFO 2508 --- [tomcat-shutdown] o.s.b.w.e.tomcat.GracefulShutdown        : Graceful shutdown complete
2025-10-28 10:10:26.204  INFO 2508 --- [restartedMain] project.gasnow.GasNowApplication         : Starting GasNowApplication using Java 21.0.8 with PID 2508 (C:\Users\TJ\Desktop\GasNOW\build\classes\java\main started by TJ in C:\Users\TJ\Desktop\GasNOW)
2025-10-28 10:10:26.204  INFO 2508 --- [restartedMain] project.gasnow.GasNowApplication         : No active profile set, falling back to 1 default profile: "default"
2025-10-28 10:10:27.144  WARN 2508 --- [restartedMain] o.m.s.mapper.ClassPathMapperScanner      : No MyBatis mapper was found in '[project.gasnow]' package. Please check your configuration.
2025-10-28 10:10:27.201  INFO 2508 --- [restartedMain] o.s.b.w.embedded.tomcat.TomcatWebServer  : Tomcat initialized with port 8080 (http)
2025-10-28 10:10:27.203  INFO 2508 --- [restartedMain] o.apache.catalina.core.StandardService   : Starting service [Tomcat]
2025-10-28 10:10:27.204  INFO 2508 --- [restartedMain] o.apache.catalina.core.StandardEngine    : Starting Servlet engine: [Apache Tomcat/10.1.48]
2025-10-28 10:10:27.220  INFO 2508 --- [restartedMain] o.a.c.c.C.[Tomcat].[localhost].[/]       : Initializing Spring embedded WebApplicationContext
2025-10-28 10:10:27.220  INFO 2508 --- [restartedMain] w.s.c.ServletWebServerApplicationContext : Root WebApplicationContext: initialization completed in 1014 ms
2025-10-28 10:10:27.280  INFO 2508 --- [restartedMain] o.s.b.a.w.s.WelcomePageHandlerMapping    : Adding welcome page template: index
2025-10-28 10:10:27.358  WARN 2508 --- [restartedMain] ConfigServletWebServerApplicationContext : Exception encountered during context initialization - cancelling refresh attempt: org.springframework.beans.factory.BeanCreationException: Error creating bean with name 'dataSource' defined in class path resource [org/springframework/boot/autoconfigure/jdbc/DataSourceConfiguration$Hikari.class]: Failed to instantiate [com.zaxxer.hikari.HikariDataSource]: Factory method 'dataSource' threw exception with message: Failed to determine a suitable driver class
2025-10-28 10:10:27.359  INFO 2508 --- [restartedMain] o.apache.catalina.core.StandardService   : Stopping service [Tomcat]
2025-10-28 10:10:27.370  INFO 2508 --- [restartedMain] .s.b.a.l.ConditionEvaluationReportLogger : 

Error starting ApplicationContext. To display the condition evaluation report re-run your application with 'debug' enabled.
2025-10-28 10:10:27.396 ERROR 2508 --- [restartedMain] o.s.b.d.LoggingFailureAnalysisReporter   : 

***************************
APPLICATION FAILED TO START
***************************

Description:

Failed to configure a DataSource: 'url' attribute is not specified and no embedded datasource could be configured.

Reason: Failed to determine a suitable driver class


Action:

Consider the following:
	If you want an embedded database (H2, HSQL or Derby), please put it on the classpath.
	If you have database settings to be loaded from a particular profile you may need to activate it (no profiles are currently active).

