2025-11-03 16:05:01.378  INFO 2108 --- [restartedMain] project.gasnow.GasNowApplication         : Starting GasNowApplication using Java 21.0.8 with PID 2108 (C:\Users\TJ\Desktop\test\GasNOW\build\classes\java\main started by TJ in C:\Users\TJ\Desktop\test\GasNOW)
2025-11-03 16:05:01.381  INFO 2108 --- [restartedMain] project.gasnow.GasNowApplication         : No active profile set, falling back to 1 default profile: "default"
2025-11-03 16:05:01.471  INFO 2108 --- [restartedMain] .e.DevToolsPropertyDefaultsPostProcessor : Devtools property defaults active! Set 'spring.devtools.add-properties' to 'false' to disable
2025-11-03 16:05:01.471  INFO 2108 --- [restartedMain] .e.DevToolsPropertyDefaultsPostProcessor : For additional web related logging consider setting the 'logging.level.web' property to 'DEBUG'
2025-11-03 16:05:03.890  INFO 2108 --- [restartedMain] o.s.b.w.embedded.tomcat.TomcatWebServer  : Tomcat initialized with port 8080 (http)
2025-11-03 16:05:03.908  INFO 2108 --- [restartedMain] o.apache.catalina.core.StandardService   : Starting service [Tomcat]
2025-11-03 16:05:03.908  INFO 2108 --- [restartedMain] o.apache.catalina.core.StandardEngine    : Starting Servlet engine: [Apache Tomcat/10.1.48]
2025-11-03 16:05:03.967  INFO 2108 --- [restartedMain] o.a.c.c.C.[Tomcat].[localhost].[/]       : Initializing Spring embedded WebApplicationContext
2025-11-03 16:05:03.968  INFO 2108 --- [restartedMain] w.s.c.ServletWebServerApplicationContext : Root WebApplicationContext: initialization completed in 2496 ms
2025-11-03 16:05:04.926  WARN 2108 --- [restartedMain] .s.s.UserDetailsServiceAutoConfiguration : 

Using generated security password: ebadf95a-53a6-4dfe-b068-b8dfd9692e78

This generated password is for development use only. Your security configuration must be updated before running your application in production.

2025-11-03 16:05:04.939  INFO 2108 --- [restartedMain] r$InitializeUserDetailsManagerConfigurer : Global AuthenticationManager configured with UserDetailsService bean with name inMemoryUserDetailsManager
2025-11-03 16:05:05.071  INFO 2108 --- [restartedMain] o.s.b.a.w.s.WelcomePageHandlerMapping    : Adding welcome page template: index
2025-11-03 16:05:05.535  INFO 2108 --- [restartedMain] o.s.b.a.e.web.EndpointLinksResolver      : Exposing 1 endpoint beneath base path '/actuator'
2025-11-03 16:05:06.206  INFO 2108 --- [restartedMain] o.s.b.d.a.OptionalLiveReloadServer       : LiveReload server is running on port 35729
2025-11-03 16:05:06.291  INFO 2108 --- [restartedMain] o.s.b.w.embedded.tomcat.TomcatWebServer  : Tomcat started on port 8080 (http) with context path '/'
2025-11-03 16:05:06.309  INFO 2108 --- [restartedMain] project.gasnow.GasNowApplication         : Started GasNowApplication in 5.826 seconds (process running for 7.026)
2025-11-03 16:05:06.753  INFO 2108 --- [RMI TCP Connection(2)-192.168.0.142] o.a.c.c.C.[Tomcat].[localhost].[/]       : Initializing Spring DispatcherServlet 'dispatcherServlet'
2025-11-03 16:05:06.755  INFO 2108 --- [RMI TCP Connection(2)-192.168.0.142] o.s.web.servlet.DispatcherServlet        : Initializing Servlet 'dispatcherServlet'
2025-11-03 16:05:06.760  INFO 2108 --- [RMI TCP Connection(2)-192.168.0.142] o.s.web.servlet.DispatcherServlet        : Completed initialization in 2 ms
2025-11-03 16:05:06.886  WARN 2108 --- [RMI TCP Connection(3)-192.168.0.142] com.zaxxer.hikari.HikariConfig           : MyHikariCP - idleTimeout has been set but has no effect because the pool is operating as a fixed size pool.
2025-11-03 16:05:06.888  INFO 2108 --- [RMI TCP Connection(3)-192.168.0.142] com.zaxxer.hikari.HikariDataSource       : MyHikariCP - Starting...
2025-11-03 16:05:07.740  INFO 2108 --- [RMI TCP Connection(3)-192.168.0.142] com.zaxxer.hikari.pool.HikariPool        : MyHikariCP - Added connection com.mysql.cj.jdbc.ConnectionImpl@69170d38
2025-11-03 16:05:07.745  INFO 2108 --- [RMI TCP Connection(3)-192.168.0.142] com.zaxxer.hikari.HikariDataSource       : MyHikariCP - Start completed.
2025-11-03 16:08:08.814  INFO 2108 --- [File Watcher] rtingClassPathChangeChangedEventListener : Restarting due to 37 class path changes (0 additions, 0 deletions, 37 modifications)
2025-11-03 16:08:08.823  INFO 2108 --- [Thread-5] o.s.b.w.e.tomcat.GracefulShutdown        : Commencing graceful shutdown. Waiting for active requests to complete
2025-11-03 16:08:08.823  INFO 2108 --- [tomcat-shutdown] o.s.b.w.e.tomcat.GracefulShutdown        : Graceful shutdown complete
2025-11-03 16:08:08.841  INFO 2108 --- [Thread-5] com.zaxxer.hikari.HikariDataSource       : MyHikariCP - Shutdown initiated...
2025-11-03 16:08:08.849  INFO 2108 --- [Thread-5] com.zaxxer.hikari.HikariDataSource       : MyHikariCP - Shutdown completed.
2025-11-03 16:08:09.006  INFO 2108 --- [restartedMain] project.gasnow.GasNowApplication         : Starting GasNowApplication using Java 21.0.8 with PID 2108 (C:\Users\TJ\Desktop\test\GasNOW\build\classes\java\main started by TJ in C:\Users\TJ\Desktop\test\GasNOW)
2025-11-03 16:08:09.006  INFO 2108 --- [restartedMain] project.gasnow.GasNowApplication         : No active profile set, falling back to 1 default profile: "default"
2025-11-03 16:08:09.680  INFO 2108 --- [restartedMain] o.s.b.w.embedded.tomcat.TomcatWebServer  : Tomcat initialized with port 8080 (http)
2025-11-03 16:08:09.681  INFO 2108 --- [restartedMain] o.apache.catalina.core.StandardService   : Starting service [Tomcat]
2025-11-03 16:08:09.682  INFO 2108 --- [restartedMain] o.apache.catalina.core.StandardEngine    : Starting Servlet engine: [Apache Tomcat/10.1.48]
2025-11-03 16:08:09.695  INFO 2108 --- [restartedMain] o.a.c.c.C.[Tomcat].[localhost].[/]       : Initializing Spring embedded WebApplicationContext
2025-11-03 16:08:09.695  INFO 2108 --- [restartedMain] w.s.c.ServletWebServerApplicationContext : Root WebApplicationContext: initialization completed in 689 ms
2025-11-03 16:08:10.122  WARN 2108 --- [restartedMain] .s.s.UserDetailsServiceAutoConfiguration : 

Using generated security password: 935ba59b-55fa-4c57-a0a9-0a8fe4c71fa8

This generated password is for development use only. Your security configuration must be updated before running your application in production.

2025-11-03 16:08:10.122  INFO 2108 --- [restartedMain] r$InitializeUserDetailsManagerConfigurer : Global AuthenticationManager configured with UserDetailsService bean with name inMemoryUserDetailsManager
2025-11-03 16:08:10.169  INFO 2108 --- [restartedMain] o.s.b.a.w.s.WelcomePageHandlerMapping    : Adding welcome page template: index
2025-11-03 16:08:10.439  INFO 2108 --- [restartedMain] o.s.b.a.e.web.EndpointLinksResolver      : Exposing 1 endpoint beneath base path '/actuator'
2025-11-03 16:08:10.812  INFO 2108 --- [restartedMain] o.s.b.d.a.OptionalLiveReloadServer       : LiveReload server is running on port 35729
2025-11-03 16:08:10.843  INFO 2108 --- [restartedMain] o.s.b.w.embedded.tomcat.TomcatWebServer  : Tomcat started on port 8080 (http) with context path '/'
2025-11-03 16:08:10.843  INFO 2108 --- [restartedMain] project.gasnow.GasNowApplication         : Started GasNowApplication in 1.887 seconds (process running for 191.567)
2025-11-03 16:08:10.843  INFO 2108 --- [restartedMain] .ConditionEvaluationDeltaLoggingListener : Condition evaluation unchanged
2025-11-03 16:34:58.436  INFO 2108 --- [File Watcher] rtingClassPathChangeChangedEventListener : Restarting due to 37 class path changes (0 additions, 0 deletions, 37 modifications)
2025-11-03 16:34:58.441  INFO 2108 --- [Thread-7] o.s.b.w.e.tomcat.GracefulShutdown        : Commencing graceful shutdown. Waiting for active requests to complete
2025-11-03 16:34:58.450  INFO 2108 --- [tomcat-shutdown] o.s.b.w.e.tomcat.GracefulShutdown        : Graceful shutdown complete
2025-11-03 16:34:58.601  INFO 2108 --- [restartedMain] project.gasnow.GasNowApplication         : Starting GasNowApplication using Java 21.0.8 with PID 2108 (C:\Users\TJ\Desktop\test\GasNOW\build\classes\java\main started by TJ in C:\Users\TJ\Desktop\test\GasNOW)
2025-11-03 16:34:58.601  INFO 2108 --- [restartedMain] project.gasnow.GasNowApplication         : No active profile set, falling back to 1 default profile: "default"
2025-11-03 16:34:59.620  INFO 2108 --- [restartedMain] o.s.b.w.embedded.tomcat.TomcatWebServer  : Tomcat initialized with port 8080 (http)
2025-11-03 16:34:59.623  INFO 2108 --- [restartedMain] o.apache.catalina.core.StandardService   : Starting service [Tomcat]
2025-11-03 16:34:59.624  INFO 2108 --- [restartedMain] o.apache.catalina.core.StandardEngine    : Starting Servlet engine: [Apache Tomcat/10.1.48]
2025-11-03 16:34:59.649  INFO 2108 --- [restartedMain] o.a.c.c.C.[Tomcat].[localhost].[/]       : Initializing Spring embedded WebApplicationContext
2025-11-03 16:34:59.649  INFO 2108 --- [restartedMain] w.s.c.ServletWebServerApplicationContext : Root WebApplicationContext: initialization completed in 1043 ms
2025-11-03 16:35:00.066  WARN 2108 --- [restartedMain] .s.s.UserDetailsServiceAutoConfiguration : 

Using generated security password: fa01e8ef-c6dc-447b-97d6-175c4ac4bc42

This generated password is for development use only. Your security configuration must be updated before running your application in production.

2025-11-03 16:35:00.070  INFO 2108 --- [restartedMain] r$InitializeUserDetailsManagerConfigurer : Global AuthenticationManager configured with UserDetailsService bean with name inMemoryUserDetailsManager
2025-11-03 16:35:00.112  INFO 2108 --- [restartedMain] o.s.b.a.w.s.WelcomePageHandlerMapping    : Adding welcome page template: index
2025-11-03 16:35:00.782  INFO 2108 --- [restartedMain] o.s.b.a.e.web.EndpointLinksResolver      : Exposing 1 endpoint beneath base path '/actuator'
2025-11-03 16:35:01.310  INFO 2108 --- [restartedMain] o.s.b.d.a.OptionalLiveReloadServer       : LiveReload server is running on port 35729
2025-11-03 16:35:01.335  INFO 2108 --- [restartedMain] o.s.b.w.embedded.tomcat.TomcatWebServer  : Tomcat started on port 8080 (http) with context path '/'
2025-11-03 16:35:01.344  INFO 2108 --- [restartedMain] project.gasnow.GasNowApplication         : Started GasNowApplication in 2.814 seconds (process running for 1802.061)
2025-11-03 16:35:01.347  INFO 2108 --- [restartedMain] .ConditionEvaluationDeltaLoggingListener : Condition evaluation unchanged
2025-11-03 16:43:12.006  INFO 2108 --- [File Watcher] rtingClassPathChangeChangedEventListener : Restarting due to 37 class path changes (0 additions, 0 deletions, 37 modifications)
2025-11-03 16:43:12.006  INFO 2108 --- [Thread-11] o.s.b.w.e.tomcat.GracefulShutdown        : Commencing graceful shutdown. Waiting for active requests to complete
2025-11-03 16:43:12.006  INFO 2108 --- [tomcat-shutdown] o.s.b.w.e.tomcat.GracefulShutdown        : Graceful shutdown complete
2025-11-03 16:43:12.155  INFO 2108 --- [restartedMain] project.gasnow.GasNowApplication         : Starting GasNowApplication using Java 21.0.8 with PID 2108 (C:\Users\TJ\Desktop\test\GasNOW\build\classes\java\main started by TJ in C:\Users\TJ\Desktop\test\GasNOW)
2025-11-03 16:43:12.156  INFO 2108 --- [restartedMain] project.gasnow.GasNowApplication         : No active profile set, falling back to 1 default profile: "default"
2025-11-03 16:43:12.786  INFO 2108 --- [restartedMain] o.s.b.w.embedded.tomcat.TomcatWebServer  : Tomcat initialized with port 8080 (http)
2025-11-03 16:43:12.786  INFO 2108 --- [restartedMain] o.apache.catalina.core.StandardService   : Starting service [Tomcat]
2025-11-03 16:43:12.786  INFO 2108 --- [restartedMain] o.apache.catalina.core.StandardEngine    : Starting Servlet engine: [Apache Tomcat/10.1.48]
2025-11-03 16:43:12.801  INFO 2108 --- [restartedMain] o.a.c.c.C.[Tomcat].[localhost].[/]       : Initializing Spring embedded WebApplicationContext
2025-11-03 16:43:12.801  INFO 2108 --- [restartedMain] w.s.c.ServletWebServerApplicationContext : Root WebApplicationContext: initialization completed in 641 ms
2025-11-03 16:43:13.186  WARN 2108 --- [restartedMain] .s.s.UserDetailsServiceAutoConfiguration : 

Using generated security password: 1f4d9ca7-4359-4657-b774-4a3e7bf69d04

This generated password is for development use only. Your security configuration must be updated before running your application in production.

2025-11-03 16:43:13.189  INFO 2108 --- [restartedMain] r$InitializeUserDetailsManagerConfigurer : Global AuthenticationManager configured with UserDetailsService bean with name inMemoryUserDetailsManager
2025-11-03 16:43:13.229  INFO 2108 --- [restartedMain] o.s.b.a.w.s.WelcomePageHandlerMapping    : Adding welcome page template: index
2025-11-03 16:43:13.474  INFO 2108 --- [restartedMain] o.s.b.a.e.web.EndpointLinksResolver      : Exposing 1 endpoint beneath base path '/actuator'
2025-11-03 16:43:13.889  INFO 2108 --- [restartedMain] o.s.b.d.a.OptionalLiveReloadServer       : LiveReload server is running on port 35729
2025-11-03 16:43:13.904  INFO 2108 --- [restartedMain] o.s.b.w.embedded.tomcat.TomcatWebServer  : Tomcat started on port 8080 (http) with context path '/'
2025-11-03 16:43:13.920  INFO 2108 --- [restartedMain] project.gasnow.GasNowApplication         : Started GasNowApplication in 1.864 seconds (process running for 2294.643)
2025-11-03 16:43:13.920  INFO 2108 --- [restartedMain] .ConditionEvaluationDeltaLoggingListener : Condition evaluation unchanged
2025-11-03 16:45:27.362  INFO 2108 --- [File Watcher] rtingClassPathChangeChangedEventListener : Restarting due to 4 class path changes (0 additions, 4 deletions, 0 modifications)
2025-11-03 16:45:27.364  INFO 2108 --- [Thread-15] o.s.b.w.e.tomcat.GracefulShutdown        : Commencing graceful shutdown. Waiting for active requests to complete
2025-11-03 16:45:27.373  INFO 2108 --- [tomcat-shutdown] o.s.b.w.e.tomcat.GracefulShutdown        : Graceful shutdown complete
2025-11-03 16:45:27.519  INFO 2108 --- [restartedMain] project.gasnow.GasNowApplication         : Starting GasNowApplication using Java 21.0.8 with PID 2108 (C:\Users\TJ\Desktop\test\GasNOW\build\classes\java\main started by TJ in C:\Users\TJ\Desktop\test\GasNOW)
2025-11-03 16:45:27.519  INFO 2108 --- [restartedMain] project.gasnow.GasNowApplication         : No active profile set, falling back to 1 default profile: "default"
2025-11-03 16:45:29.336  INFO 2108 --- [restartedMain] o.s.b.w.embedded.tomcat.TomcatWebServer  : Tomcat initialized with port 8080 (http)
2025-11-03 16:45:29.353  INFO 2108 --- [restartedMain] o.apache.catalina.core.StandardService   : Starting service [Tomcat]
2025-11-03 16:45:29.357  INFO 2108 --- [restartedMain] o.apache.catalina.core.StandardEngine    : Starting Servlet engine: [Apache Tomcat/10.1.48]
2025-11-03 16:45:29.596  INFO 2108 --- [restartedMain] o.a.c.c.C.[Tomcat].[localhost].[/]       : Initializing Spring embedded WebApplicationContext
2025-11-03 16:45:29.596  INFO 2108 --- [restartedMain] w.s.c.ServletWebServerApplicationContext : Root WebApplicationContext: initialization completed in 2028 ms
2025-11-03 16:45:30.521  WARN 2108 --- [restartedMain] .s.s.UserDetailsServiceAutoConfiguration : 

Using generated security password: 244b6935-f1dd-4d95-83d7-7bcce4feeb74

This generated password is for development use only. Your security configuration must be updated before running your application in production.

2025-11-03 16:45:30.523  INFO 2108 --- [restartedMain] r$InitializeUserDetailsManagerConfigurer : Global AuthenticationManager configured with UserDetailsService bean with name inMemoryUserDetailsManager
2025-11-03 16:45:30.586  INFO 2108 --- [restartedMain] o.s.b.a.w.s.WelcomePageHandlerMapping    : Adding welcome page template: index
2025-11-03 16:45:30.971  INFO 2108 --- [restartedMain] o.s.b.a.e.web.EndpointLinksResolver      : Exposing 1 endpoint beneath base path '/actuator'
2025-11-03 16:45:31.314  INFO 2108 --- [restartedMain] o.s.b.d.a.OptionalLiveReloadServer       : LiveReload server is running on port 35729
2025-11-03 16:45:31.346  INFO 2108 --- [restartedMain] o.s.b.w.embedded.tomcat.TomcatWebServer  : Tomcat started on port 8080 (http) with context path '/'
2025-11-03 16:45:31.346  INFO 2108 --- [restartedMain] project.gasnow.GasNowApplication         : Started GasNowApplication in 3.875 seconds (process running for 2432.072)
2025-11-03 16:45:31.346  INFO 2108 --- [restartedMain] .ConditionEvaluationDeltaLoggingListener : Condition evaluation unchanged
2025-11-03 16:45:32.770  INFO 2108 --- [File Watcher] rtingClassPathChangeChangedEventListener : Restarting due to 4 class path changes (4 additions, 0 deletions, 0 modifications)
2025-11-03 16:45:32.770  INFO 2108 --- [Thread-19] o.s.b.w.e.tomcat.GracefulShutdown        : Commencing graceful shutdown. Waiting for active requests to complete
2025-11-03 16:45:32.770  INFO 2108 --- [tomcat-shutdown] o.s.b.w.e.tomcat.GracefulShutdown        : Graceful shutdown complete
2025-11-03 16:45:32.848  INFO 2108 --- [restartedMain] project.gasnow.GasNowApplication         : Starting GasNowApplication using Java 21.0.8 with PID 2108 (C:\Users\TJ\Desktop\test\GasNOW\build\classes\java\main started by TJ in C:\Users\TJ\Desktop\test\GasNOW)
2025-11-03 16:45:32.848  INFO 2108 --- [restartedMain] project.gasnow.GasNowApplication         : No active profile set, falling back to 1 default profile: "default"
2025-11-03 16:45:33.390  INFO 2108 --- [restartedMain] o.s.b.w.embedded.tomcat.TomcatWebServer  : Tomcat initialized with port 8080 (http)
2025-11-03 16:45:33.390  INFO 2108 --- [restartedMain] o.apache.catalina.core.StandardService   : Starting service [Tomcat]
2025-11-03 16:45:33.390  INFO 2108 --- [restartedMain] o.apache.catalina.core.StandardEngine    : Starting Servlet engine: [Apache Tomcat/10.1.48]
2025-11-03 16:45:33.406  INFO 2108 --- [restartedMain] o.a.c.c.C.[Tomcat].[localhost].[/]       : Initializing Spring embedded WebApplicationContext
2025-11-03 16:45:33.406  INFO 2108 --- [restartedMain] w.s.c.ServletWebServerApplicationContext : Root WebApplicationContext: initialization completed in 543 ms
2025-11-03 16:45:33.718  WARN 2108 --- [restartedMain] .s.s.UserDetailsServiceAutoConfiguration : 

Using generated security password: b69a9452-de5c-4597-88c9-c662ce2b353b

This generated password is for development use only. Your security configuration must be updated before running your application in production.

2025-11-03 16:45:33.734  INFO 2108 --- [restartedMain] r$InitializeUserDetailsManagerConfigurer : Global AuthenticationManager configured with UserDetailsService bean with name inMemoryUserDetailsManager
2025-11-03 16:45:33.765  INFO 2108 --- [restartedMain] o.s.b.a.w.s.WelcomePageHandlerMapping    : Adding welcome page template: index
2025-11-03 16:45:34.000  INFO 2108 --- [restartedMain] o.s.b.a.e.web.EndpointLinksResolver      : Exposing 1 endpoint beneath base path '/actuator'
2025-11-03 16:45:34.343  INFO 2108 --- [restartedMain] o.s.b.d.a.OptionalLiveReloadServer       : LiveReload server is running on port 35729
2025-11-03 16:45:34.359  INFO 2108 --- [restartedMain] o.s.b.w.embedded.tomcat.TomcatWebServer  : Tomcat started on port 8080 (http) with context path '/'
2025-11-03 16:45:34.359  INFO 2108 --- [restartedMain] project.gasnow.GasNowApplication         : Started GasNowApplication in 1.542 seconds (process running for 2435.089)
2025-11-03 16:45:34.375  INFO 2108 --- [restartedMain] .ConditionEvaluationDeltaLoggingListener : Condition evaluation unchanged
2025-11-03 16:46:00.919  INFO 2108 --- [File Watcher] rtingClassPathChangeChangedEventListener : Restarting due to 4 class path changes (0 additions, 4 deletions, 0 modifications)
2025-11-03 16:46:00.943  INFO 2108 --- [Thread-23] o.s.b.w.e.tomcat.GracefulShutdown        : Commencing graceful shutdown. Waiting for active requests to complete
2025-11-03 16:46:00.963  INFO 2108 --- [tomcat-shutdown] o.s.b.w.e.tomcat.GracefulShutdown        : Graceful shutdown complete
2025-11-03 16:46:01.077  INFO 2108 --- [restartedMain] project.gasnow.GasNowApplication         : Starting GasNowApplication using Java 21.0.8 with PID 2108 (C:\Users\TJ\Desktop\test\GasNOW\build\classes\java\main started by TJ in C:\Users\TJ\Desktop\test\GasNOW)
2025-11-03 16:46:01.077  INFO 2108 --- [restartedMain] project.gasnow.GasNowApplication         : No active profile set, falling back to 1 default profile: "default"
2025-11-03 16:46:02.118  INFO 2108 --- [restartedMain] o.s.b.w.embedded.tomcat.TomcatWebServer  : Tomcat initialized with port 8080 (http)
2025-11-03 16:46:02.119  INFO 2108 --- [restartedMain] o.apache.catalina.core.StandardService   : Starting service [Tomcat]
2025-11-03 16:46:02.119  INFO 2108 --- [restartedMain] o.apache.catalina.core.StandardEngine    : Starting Servlet engine: [Apache Tomcat/10.1.48]
2025-11-03 16:46:02.141  INFO 2108 --- [restartedMain] o.a.c.c.C.[Tomcat].[localhost].[/]       : Initializing Spring embedded WebApplicationContext
2025-11-03 16:46:02.141  INFO 2108 --- [restartedMain] w.s.c.ServletWebServerApplicationContext : Root WebApplicationContext: initialization completed in 1062 ms
2025-11-03 16:46:02.361  WARN 2108 --- [restartedMain] ConfigServletWebServerApplicationContext : Exception encountered during context initialization - cancelling refresh attempt: org.springframework.beans.factory.UnsatisfiedDependencyException: Error creating bean with name 'chartController' defined in file [C:\Users\TJ\Desktop\test\GasNOW\build\classes\java\main\project\gasnow\chart\controller\ChartController.class]: Unsatisfied dependency expressed through constructor parameter 0: No qualifying bean of type 'project.gasnow.chart.model.service.ChartService' available: expected at least 1 bean which qualifies as autowire candidate. Dependency annotations: {}
2025-11-03 16:46:02.361  INFO 2108 --- [restartedMain] o.apache.catalina.core.StandardService   : Stopping service [Tomcat]
2025-11-03 16:46:02.371  INFO 2108 --- [restartedMain] .s.b.a.l.ConditionEvaluationReportLogger : 

Error starting ApplicationContext. To display the condition evaluation report re-run your application with 'debug' enabled.
2025-11-03 16:46:02.407 ERROR 2108 --- [restartedMain] o.s.b.d.LoggingFailureAnalysisReporter   : 

***************************
APPLICATION FAILED TO START
***************************

Description:

Parameter 0 of constructor in project.gasnow.chart.controller.ChartController required a bean of type 'project.gasnow.chart.model.service.ChartService' that could not be found.


Action:

Consider defining a bean of type 'project.gasnow.chart.model.service.ChartService' in your configuration.

2025-11-03 16:46:03.913  INFO 2108 --- [restartedMain] project.gasnow.GasNowApplication         : Starting GasNowApplication using Java 21.0.8 with PID 2108 (C:\Users\TJ\Desktop\test\GasNOW\build\classes\java\main started by TJ in C:\Users\TJ\Desktop\test\GasNOW)
2025-11-03 16:46:03.913  INFO 2108 --- [restartedMain] project.gasnow.GasNowApplication         : No active profile set, falling back to 1 default profile: "default"
2025-11-03 16:46:04.518  INFO 2108 --- [restartedMain] o.s.b.w.embedded.tomcat.TomcatWebServer  : Tomcat initialized with port 8080 (http)
2025-11-03 16:46:04.520  INFO 2108 --- [restartedMain] o.apache.catalina.core.StandardService   : Starting service [Tomcat]
2025-11-03 16:46:04.520  INFO 2108 --- [restartedMain] o.apache.catalina.core.StandardEngine    : Starting Servlet engine: [Apache Tomcat/10.1.48]
2025-11-03 16:46:04.541  INFO 2108 --- [restartedMain] o.a.c.c.C.[Tomcat-1].[localhost].[/]     : Initializing Spring embedded WebApplicationContext
2025-11-03 16:46:04.541  INFO 2108 --- [restartedMain] w.s.c.ServletWebServerApplicationContext : Root WebApplicationContext: initialization completed in 626 ms
2025-11-03 16:46:04.936  WARN 2108 --- [restartedMain] .s.s.UserDetailsServiceAutoConfiguration : 

Using generated security password: 1b4ae54f-fdc6-424f-8f9e-cf9c39a4ff6b

This generated password is for development use only. Your security configuration must be updated before running your application in production.

2025-11-03 16:46:04.938  INFO 2108 --- [restartedMain] r$InitializeUserDetailsManagerConfigurer : Global AuthenticationManager configured with UserDetailsService bean with name inMemoryUserDetailsManager
2025-11-03 16:46:04.981  INFO 2108 --- [restartedMain] o.s.b.a.w.s.WelcomePageHandlerMapping    : Adding welcome page template: index
2025-11-03 16:46:05.239  INFO 2108 --- [restartedMain] o.s.b.a.e.web.EndpointLinksResolver      : Exposing 1 endpoint beneath base path '/actuator'
2025-11-03 16:46:05.625  INFO 2108 --- [restartedMain] o.s.b.d.a.OptionalLiveReloadServer       : LiveReload server is running on port 35729
2025-11-03 16:46:05.656  INFO 2108 --- [restartedMain] o.s.b.w.embedded.tomcat.TomcatWebServer  : Tomcat started on port 8080 (http) with context path '/'
2025-11-03 16:46:05.664  INFO 2108 --- [restartedMain] project.gasnow.GasNowApplication         : Started GasNowApplication in 1.785 seconds (process running for 2466.381)
2025-11-03 16:46:05.666  INFO 2108 --- [restartedMain] .ConditionEvaluationDeltaLoggingListener : Condition evaluation unchanged
2025-11-03 16:46:43.543  INFO 2108 --- [File Watcher] rtingClassPathChangeChangedEventListener : Restarting due to 4 class path changes (0 additions, 4 deletions, 0 modifications)
2025-11-03 16:46:43.549  INFO 2108 --- [Thread-27] o.s.b.w.e.tomcat.GracefulShutdown        : Commencing graceful shutdown. Waiting for active requests to complete
2025-11-03 16:46:43.551  INFO 2108 --- [tomcat-shutdown] o.s.b.w.e.tomcat.GracefulShutdown        : Graceful shutdown complete
2025-11-03 16:46:43.682  INFO 2108 --- [restartedMain] project.gasnow.GasNowApplication         : Starting GasNowApplication using Java 21.0.8 with PID 2108 (C:\Users\TJ\Desktop\test\GasNOW\build\classes\java\main started by TJ in C:\Users\TJ\Desktop\test\GasNOW)
2025-11-03 16:46:43.683  INFO 2108 --- [restartedMain] project.gasnow.GasNowApplication         : No active profile set, falling back to 1 default profile: "default"
2025-11-03 16:46:45.667  INFO 2108 --- [restartedMain] o.s.b.w.embedded.tomcat.TomcatWebServer  : Tomcat initialized with port 8080 (http)
2025-11-03 16:46:45.668  INFO 2108 --- [restartedMain] o.apache.catalina.core.StandardService   : Starting service [Tomcat]
2025-11-03 16:46:45.668  INFO 2108 --- [restartedMain] o.apache.catalina.core.StandardEngine    : Starting Servlet engine: [Apache Tomcat/10.1.48]
2025-11-03 16:46:45.722  INFO 2108 --- [restartedMain] o.a.c.c.C.[Tomcat-1].[localhost].[/]     : Initializing Spring embedded WebApplicationContext
2025-11-03 16:46:45.722  INFO 2108 --- [restartedMain] w.s.c.ServletWebServerApplicationContext : Root WebApplicationContext: initialization completed in 2037 ms
2025-11-03 16:46:45.873  WARN 2108 --- [restartedMain] ConfigServletWebServerApplicationContext : Exception encountered during context initialization - cancelling refresh attempt: org.springframework.beans.factory.UnsatisfiedDependencyException: Error creating bean with name 'chartController' defined in file [C:\Users\TJ\Desktop\test\GasNOW\build\classes\java\main\project\gasnow\chart\controller\ChartController.class]: Unsatisfied dependency expressed through constructor parameter 0: No qualifying bean of type 'project.gasnow.chart.model.service.ChartService' available: expected at least 1 bean which qualifies as autowire candidate. Dependency annotations: {}
2025-11-03 16:46:45.873  INFO 2108 --- [restartedMain] o.apache.catalina.core.StandardService   : Stopping service [Tomcat]
2025-11-03 16:46:45.888  INFO 2108 --- [restartedMain] .s.b.a.l.ConditionEvaluationReportLogger : 

Error starting ApplicationContext. To display the condition evaluation report re-run your application with 'debug' enabled.
2025-11-03 16:46:45.897 ERROR 2108 --- [restartedMain] o.s.b.d.LoggingFailureAnalysisReporter   : 

***************************
APPLICATION FAILED TO START
***************************

Description:

Parameter 0 of constructor in project.gasnow.chart.controller.ChartController required a bean of type 'project.gasnow.chart.model.service.ChartService' that could not be found.


Action:

Consider defining a bean of type 'project.gasnow.chart.model.service.ChartService' in your configuration.

2025-11-03 16:47:56.163  INFO 2108 --- [restartedMain] project.gasnow.GasNowApplication         : Starting GasNowApplication using Java 21.0.8 with PID 2108 (C:\Users\TJ\Desktop\test\GasNOW\build\classes\java\main started by TJ in C:\Users\TJ\Desktop\test\GasNOW)
2025-11-03 16:47:56.163  INFO 2108 --- [restartedMain] project.gasnow.GasNowApplication         : No active profile set, falling back to 1 default profile: "default"
2025-11-03 16:47:56.906  INFO 2108 --- [restartedMain] o.s.b.w.embedded.tomcat.TomcatWebServer  : Tomcat initialized with port 8080 (http)
2025-11-03 16:47:56.906  INFO 2108 --- [restartedMain] o.apache.catalina.core.StandardService   : Starting service [Tomcat]
2025-11-03 16:47:56.906  INFO 2108 --- [restartedMain] o.apache.catalina.core.StandardEngine    : Starting Servlet engine: [Apache Tomcat/10.1.48]
2025-11-03 16:47:56.921  INFO 2108 --- [restartedMain] o.a.c.c.C.[Tomcat-2].[localhost].[/]     : Initializing Spring embedded WebApplicationContext
2025-11-03 16:47:56.921  INFO 2108 --- [restartedMain] w.s.c.ServletWebServerApplicationContext : Root WebApplicationContext: initialization completed in 758 ms
2025-11-03 16:47:57.271  WARN 2108 --- [restartedMain] .s.s.UserDetailsServiceAutoConfiguration : 

Using generated security password: 686471fe-51ee-4661-9ea6-e2eb46458098

This generated password is for development use only. Your security configuration must be updated before running your application in production.

2025-11-03 16:47:57.271  INFO 2108 --- [restartedMain] r$InitializeUserDetailsManagerConfigurer : Global AuthenticationManager configured with UserDetailsService bean with name inMemoryUserDetailsManager
2025-11-03 16:47:57.302  INFO 2108 --- [restartedMain] o.s.b.a.w.s.WelcomePageHandlerMapping    : Adding welcome page template: index
2025-11-03 16:47:57.555  INFO 2108 --- [restartedMain] o.s.b.a.e.web.EndpointLinksResolver      : Exposing 1 endpoint beneath base path '/actuator'
2025-11-03 16:47:57.930  INFO 2108 --- [restartedMain] o.s.b.d.a.OptionalLiveReloadServer       : LiveReload server is running on port 35729
2025-11-03 16:47:57.945  INFO 2108 --- [restartedMain] o.s.b.w.embedded.tomcat.TomcatWebServer  : Tomcat started on port 8080 (http) with context path '/'
2025-11-03 16:47:57.962  INFO 2108 --- [restartedMain] project.gasnow.GasNowApplication         : Started GasNowApplication in 1.877 seconds (process running for 2578.68)
2025-11-03 16:47:57.962  INFO 2108 --- [restartedMain] .ConditionEvaluationDeltaLoggingListener : Condition evaluation unchanged
2025-11-03 16:48:37.538  INFO 2108 --- [File Watcher] rtingClassPathChangeChangedEventListener : Restarting due to 4 class path changes (0 additions, 0 deletions, 4 modifications)
2025-11-03 16:48:37.538  INFO 2108 --- [Thread-34] o.s.b.w.e.tomcat.GracefulShutdown        : Commencing graceful shutdown. Waiting for active requests to complete
2025-11-03 16:48:37.538  INFO 2108 --- [tomcat-shutdown] o.s.b.w.e.tomcat.GracefulShutdown        : Graceful shutdown complete
2025-11-03 16:48:37.676  INFO 2108 --- [restartedMain] project.gasnow.GasNowApplication         : Starting GasNowApplication using Java 21.0.8 with PID 2108 (C:\Users\TJ\Desktop\test\GasNOW\build\classes\java\main started by TJ in C:\Users\TJ\Desktop\test\GasNOW)
2025-11-03 16:48:37.676  INFO 2108 --- [restartedMain] project.gasnow.GasNowApplication         : No active profile set, falling back to 1 default profile: "default"
2025-11-03 16:48:38.277  INFO 2108 --- [restartedMain] o.s.b.w.embedded.tomcat.TomcatWebServer  : Tomcat initialized with port 8080 (http)
2025-11-03 16:48:38.277  INFO 2108 --- [restartedMain] o.apache.catalina.core.StandardService   : Starting service [Tomcat]
2025-11-03 16:48:38.277  INFO 2108 --- [restartedMain] o.apache.catalina.core.StandardEngine    : Starting Servlet engine: [Apache Tomcat/10.1.48]
2025-11-03 16:48:38.308  INFO 2108 --- [restartedMain] o.a.c.c.C.[Tomcat-2].[localhost].[/]     : Initializing Spring embedded WebApplicationContext
2025-11-03 16:48:38.308  INFO 2108 --- [restartedMain] w.s.c.ServletWebServerApplicationContext : Root WebApplicationContext: initialization completed in 632 ms
2025-11-03 16:48:38.636  WARN 2108 --- [restartedMain] .s.s.UserDetailsServiceAutoConfiguration : 

Using generated security password: 2106b0b2-a344-4c2d-a6d5-80b833883a7d

This generated password is for development use only. Your security configuration must be updated before running your application in production.

2025-11-03 16:48:38.636  INFO 2108 --- [restartedMain] r$InitializeUserDetailsManagerConfigurer : Global AuthenticationManager configured with UserDetailsService bean with name inMemoryUserDetailsManager
2025-11-03 16:48:38.667  INFO 2108 --- [restartedMain] o.s.b.a.w.s.WelcomePageHandlerMapping    : Adding welcome page template: index
2025-11-03 16:48:38.886  INFO 2108 --- [restartedMain] o.s.b.a.e.web.EndpointLinksResolver      : Exposing 1 endpoint beneath base path '/actuator'
2025-11-03 16:48:39.634  INFO 2108 --- [restartedMain] o.s.b.d.a.OptionalLiveReloadServer       : LiveReload server is running on port 35729
2025-11-03 16:48:39.665  INFO 2108 --- [restartedMain] o.s.b.w.embedded.tomcat.TomcatWebServer  : Tomcat started on port 8080 (http) with context path '/'
2025-11-03 16:48:39.671  INFO 2108 --- [restartedMain] project.gasnow.GasNowApplication         : Started GasNowApplication in 2.04 seconds (process running for 2620.39)
2025-11-03 16:48:39.671  INFO 2108 --- [restartedMain] .ConditionEvaluationDeltaLoggingListener : Condition evaluation unchanged
2025-11-03 16:48:46.411  INFO 2108 --- [File Watcher] rtingClassPathChangeChangedEventListener : Restarting due to 1 class path change (0 additions, 1 deletion, 0 modifications)
2025-11-03 16:48:46.419  INFO 2108 --- [Thread-41] o.s.b.w.e.tomcat.GracefulShutdown        : Commencing graceful shutdown. Waiting for active requests to complete
2025-11-03 16:48:46.425  INFO 2108 --- [tomcat-shutdown] o.s.b.w.e.tomcat.GracefulShutdown        : Graceful shutdown complete
2025-11-03 16:48:46.559  INFO 2108 --- [restartedMain] project.gasnow.GasNowApplication         : Starting GasNowApplication using Java 21.0.8 with PID 2108 (C:\Users\TJ\Desktop\test\GasNOW\build\classes\java\main started by TJ in C:\Users\TJ\Desktop\test\GasNOW)
2025-11-03 16:48:46.559  INFO 2108 --- [restartedMain] project.gasnow.GasNowApplication         : No active profile set, falling back to 1 default profile: "default"
2025-11-03 16:48:47.956  INFO 2108 --- [restartedMain] o.s.b.w.embedded.tomcat.TomcatWebServer  : Tomcat initialized with port 8080 (http)
2025-11-03 16:48:47.956  INFO 2108 --- [restartedMain] o.apache.catalina.core.StandardService   : Starting service [Tomcat]
2025-11-03 16:48:47.956  INFO 2108 --- [restartedMain] o.apache.catalina.core.StandardEngine    : Starting Servlet engine: [Apache Tomcat/10.1.48]
2025-11-03 16:48:47.982  INFO 2108 --- [restartedMain] o.a.c.c.C.[Tomcat-2].[localhost].[/]     : Initializing Spring embedded WebApplicationContext
2025-11-03 16:48:47.982  INFO 2108 --- [restartedMain] w.s.c.ServletWebServerApplicationContext : Root WebApplicationContext: initialization completed in 1423 ms
2025-11-03 16:48:48.350  WARN 2108 --- [restartedMain] .s.s.UserDetailsServiceAutoConfiguration : 

Using generated security password: a0f0e3e5-3090-4509-8c6b-f876e32189ab

This generated password is for development use only. Your security configuration must be updated before running your application in production.

2025-11-03 16:48:48.353  INFO 2108 --- [restartedMain] r$InitializeUserDetailsManagerConfigurer : Global AuthenticationManager configured with UserDetailsService bean with name inMemoryUserDetailsManager
2025-11-03 16:48:48.390  INFO 2108 --- [restartedMain] o.s.b.a.w.s.WelcomePageHandlerMapping    : Adding welcome page template: index
2025-11-03 16:48:48.657  INFO 2108 --- [restartedMain] o.s.b.a.e.web.EndpointLinksResolver      : Exposing 1 endpoint beneath base path '/actuator'
2025-11-03 16:48:49.123  INFO 2108 --- [restartedMain] o.s.b.d.a.OptionalLiveReloadServer       : LiveReload server is running on port 35729
2025-11-03 16:48:49.140  INFO 2108 --- [restartedMain] o.s.b.w.embedded.tomcat.TomcatWebServer  : Tomcat started on port 8080 (http) with context path '/'
2025-11-03 16:48:49.157  INFO 2108 --- [restartedMain] project.gasnow.GasNowApplication         : Started GasNowApplication in 2.646 seconds (process running for 2629.881)
2025-11-03 16:48:49.157  INFO 2108 --- [restartedMain] .ConditionEvaluationDeltaLoggingListener : Condition evaluation unchanged
2025-11-03 16:50:44.575  INFO 2108 --- [File Watcher] rtingClassPathChangeChangedEventListener : Restarting due to 1 class path change (0 additions, 1 deletion, 0 modifications)
2025-11-03 16:50:44.601  INFO 2108 --- [Thread-45] o.s.b.w.e.tomcat.GracefulShutdown        : Commencing graceful shutdown. Waiting for active requests to complete
2025-11-03 16:50:44.617  INFO 2108 --- [tomcat-shutdown] o.s.b.w.e.tomcat.GracefulShutdown        : Graceful shutdown complete
2025-11-03 16:50:44.774  INFO 2108 --- [restartedMain] project.gasnow.GasNowApplication         : Starting GasNowApplication using Java 21.0.8 with PID 2108 (C:\Users\TJ\Desktop\test\GasNOW\build\classes\java\main started by TJ in C:\Users\TJ\Desktop\test\GasNOW)
2025-11-03 16:50:44.774  INFO 2108 --- [restartedMain] project.gasnow.GasNowApplication         : No active profile set, falling back to 1 default profile: "default"
2025-11-03 16:50:45.893  INFO 2108 --- [restartedMain] o.s.b.w.embedded.tomcat.TomcatWebServer  : Tomcat initialized with port 8080 (http)
2025-11-03 16:50:45.894  INFO 2108 --- [restartedMain] o.apache.catalina.core.StandardService   : Starting service [Tomcat]
2025-11-03 16:50:45.894  INFO 2108 --- [restartedMain] o.apache.catalina.core.StandardEngine    : Starting Servlet engine: [Apache Tomcat/10.1.48]
2025-11-03 16:50:45.914  INFO 2108 --- [restartedMain] o.a.c.c.C.[Tomcat-2].[localhost].[/]     : Initializing Spring embedded WebApplicationContext
2025-11-03 16:50:45.914  INFO 2108 --- [restartedMain] w.s.c.ServletWebServerApplicationContext : Root WebApplicationContext: initialization completed in 1136 ms
2025-11-03 16:50:46.367  WARN 2108 --- [restartedMain] .s.s.UserDetailsServiceAutoConfiguration : 

Using generated security password: c878358b-a1f6-416b-963d-e8fe295dda8f

This generated password is for development use only. Your security configuration must be updated before running your application in production.

2025-11-03 16:50:46.371  INFO 2108 --- [restartedMain] r$InitializeUserDetailsManagerConfigurer : Global AuthenticationManager configured with UserDetailsService bean with name inMemoryUserDetailsManager
2025-11-03 16:50:46.423  INFO 2108 --- [restartedMain] o.s.b.a.w.s.WelcomePageHandlerMapping    : Adding welcome page template: index
2025-11-03 16:50:46.704  INFO 2108 --- [restartedMain] o.s.b.a.e.web.EndpointLinksResolver      : Exposing 1 endpoint beneath base path '/actuator'
2025-11-03 16:50:47.099  INFO 2108 --- [restartedMain] o.s.b.d.a.OptionalLiveReloadServer       : LiveReload server is running on port 35729
2025-11-03 16:50:47.122  INFO 2108 --- [restartedMain] o.s.b.w.embedded.tomcat.TomcatWebServer  : Tomcat started on port 8080 (http) with context path '/'
2025-11-03 16:50:47.132  INFO 2108 --- [restartedMain] project.gasnow.GasNowApplication         : Started GasNowApplication in 2.408 seconds (process running for 2747.849)
2025-11-03 16:50:47.133  INFO 2108 --- [restartedMain] .ConditionEvaluationDeltaLoggingListener : Condition evaluation unchanged
2025-11-03 16:52:24.154  INFO 2108 --- [File Watcher] rtingClassPathChangeChangedEventListener : Restarting due to 3 class path changes (0 additions, 3 deletions, 0 modifications)
2025-11-03 16:52:24.154  INFO 2108 --- [Thread-49] o.s.b.w.e.tomcat.GracefulShutdown        : Commencing graceful shutdown. Waiting for active requests to complete
2025-11-03 16:52:24.170  INFO 2108 --- [tomcat-shutdown] o.s.b.w.e.tomcat.GracefulShutdown        : Graceful shutdown complete
2025-11-03 16:52:24.265  INFO 2108 --- [restartedMain] project.gasnow.GasNowApplication         : Starting GasNowApplication using Java 21.0.8 with PID 2108 (C:\Users\TJ\Desktop\test\GasNOW\build\classes\java\main started by TJ in C:\Users\TJ\Desktop\test\GasNOW)
2025-11-03 16:52:24.265  INFO 2108 --- [restartedMain] project.gasnow.GasNowApplication         : No active profile set, falling back to 1 default profile: "default"
2025-11-03 16:52:25.196  INFO 2108 --- [restartedMain] o.s.b.w.embedded.tomcat.TomcatWebServer  : Tomcat initialized with port 8080 (http)
2025-11-03 16:52:25.196  INFO 2108 --- [restartedMain] o.apache.catalina.core.StandardService   : Starting service [Tomcat]
2025-11-03 16:52:25.196  INFO 2108 --- [restartedMain] o.apache.catalina.core.StandardEngine    : Starting Servlet engine: [Apache Tomcat/10.1.48]
2025-11-03 16:52:25.224  INFO 2108 --- [restartedMain] o.a.c.c.C.[Tomcat-2].[localhost].[/]     : Initializing Spring embedded WebApplicationContext
2025-11-03 16:52:25.224  INFO 2108 --- [restartedMain] w.s.c.ServletWebServerApplicationContext : Root WebApplicationContext: initialization completed in 959 ms
2025-11-03 16:52:25.619  WARN 2108 --- [restartedMain] .s.s.UserDetailsServiceAutoConfiguration : 

Using generated security password: b5e351bd-6eef-4c00-be3c-f4505a768ea2

This generated password is for development use only. Your security configuration must be updated before running your application in production.

2025-11-03 16:52:25.622  INFO 2108 --- [restartedMain] r$InitializeUserDetailsManagerConfigurer : Global AuthenticationManager configured with UserDetailsService bean with name inMemoryUserDetailsManager
2025-11-03 16:52:25.665  INFO 2108 --- [restartedMain] o.s.b.a.w.s.WelcomePageHandlerMapping    : Adding welcome page template: index
2025-11-03 16:52:25.977  INFO 2108 --- [restartedMain] o.s.b.a.e.web.EndpointLinksResolver      : Exposing 1 endpoint beneath base path '/actuator'
2025-11-03 16:52:26.424  INFO 2108 --- [restartedMain] o.s.b.d.a.OptionalLiveReloadServer       : LiveReload server is running on port 35729
2025-11-03 16:52:26.450  INFO 2108 --- [restartedMain] o.s.b.w.embedded.tomcat.TomcatWebServer  : Tomcat started on port 8080 (http) with context path '/'
2025-11-03 16:52:26.465  INFO 2108 --- [restartedMain] project.gasnow.GasNowApplication         : Started GasNowApplication in 2.231 seconds (process running for 2847.182)
2025-11-03 16:52:26.467  INFO 2108 --- [restartedMain] .ConditionEvaluationDeltaLoggingListener : Condition evaluation unchanged
2025-11-03 16:55:46.191  INFO 2108 --- [File Watcher] rtingClassPathChangeChangedEventListener : Restarting due to 1 class path change (0 additions, 1 deletion, 0 modifications)
2025-11-03 16:55:46.191  INFO 2108 --- [Thread-53] o.s.b.w.e.tomcat.GracefulShutdown        : Commencing graceful shutdown. Waiting for active requests to complete
2025-11-03 16:55:46.191  INFO 2108 --- [tomcat-shutdown] o.s.b.w.e.tomcat.GracefulShutdown        : Graceful shutdown complete
2025-11-03 16:55:46.281  INFO 2108 --- [restartedMain] project.gasnow.GasNowApplication         : Starting GasNowApplication using Java 21.0.8 with PID 2108 (C:\Users\TJ\Desktop\test\GasNOW\build\classes\java\main started by TJ in C:\Users\TJ\Desktop\test\GasNOW)
2025-11-03 16:55:46.281  INFO 2108 --- [restartedMain] project.gasnow.GasNowApplication         : No active profile set, falling back to 1 default profile: "default"
2025-11-03 16:55:47.039  INFO 2108 --- [restartedMain] o.s.b.w.embedded.tomcat.TomcatWebServer  : Tomcat initialized with port 8080 (http)
2025-11-03 16:55:47.039  INFO 2108 --- [restartedMain] o.apache.catalina.core.StandardService   : Starting service [Tomcat]
2025-11-03 16:55:47.049  INFO 2108 --- [restartedMain] o.apache.catalina.core.StandardEngine    : Starting Servlet engine: [Apache Tomcat/10.1.48]
2025-11-03 16:55:47.065  INFO 2108 --- [restartedMain] o.a.c.c.C.[Tomcat-2].[localhost].[/]     : Initializing Spring embedded WebApplicationContext
2025-11-03 16:55:47.065  INFO 2108 --- [restartedMain] w.s.c.ServletWebServerApplicationContext : Root WebApplicationContext: initialization completed in 784 ms
2025-11-03 16:55:47.362  WARN 2108 --- [restartedMain] .s.s.UserDetailsServiceAutoConfiguration : 

Using generated security password: 5b30682f-c6d7-482d-8a44-31ee68c54c67

This generated password is for development use only. Your security configuration must be updated before running your application in production.

2025-11-03 16:55:47.362  INFO 2108 --- [restartedMain] r$InitializeUserDetailsManagerConfigurer : Global AuthenticationManager configured with UserDetailsService bean with name inMemoryUserDetailsManager
2025-11-03 16:55:47.393  INFO 2108 --- [restartedMain] o.s.b.a.w.s.WelcomePageHandlerMapping    : Adding welcome page template: index
2025-11-03 16:55:47.619  INFO 2108 --- [restartedMain] o.s.b.a.e.web.EndpointLinksResolver      : Exposing 1 endpoint beneath base path '/actuator'
2025-11-03 16:55:47.949  INFO 2108 --- [restartedMain] o.s.b.d.a.OptionalLiveReloadServer       : LiveReload server is running on port 35729
2025-11-03 16:55:47.982  INFO 2108 --- [restartedMain] o.s.b.w.embedded.tomcat.TomcatWebServer  : Tomcat started on port 8080 (http) with context path '/'
2025-11-03 16:55:47.991  INFO 2108 --- [restartedMain] project.gasnow.GasNowApplication         : Started GasNowApplication in 1.741 seconds (process running for 3048.708)
2025-11-03 16:55:47.993  INFO 2108 --- [restartedMain] .ConditionEvaluationDeltaLoggingListener : Condition evaluation unchanged
2025-11-03 17:02:39.224  INFO 2108 --- [File Watcher] rtingClassPathChangeChangedEventListener : Restarting due to 1 class path change (0 additions, 0 deletions, 1 modification)
2025-11-03 17:02:39.224  INFO 2108 --- [Thread-57] o.s.b.w.e.tomcat.GracefulShutdown        : Commencing graceful shutdown. Waiting for active requests to complete
2025-11-03 17:02:39.224  INFO 2108 --- [tomcat-shutdown] o.s.b.w.e.tomcat.GracefulShutdown        : Graceful shutdown complete
2025-11-03 17:02:39.318  INFO 2108 --- [restartedMain] project.gasnow.GasNowApplication         : Starting GasNowApplication using Java 21.0.8 with PID 2108 (C:\Users\TJ\Desktop\test\GasNOW\build\classes\java\main started by TJ in C:\Users\TJ\Desktop\test\GasNOW)
2025-11-03 17:02:39.318  INFO 2108 --- [restartedMain] project.gasnow.GasNowApplication         : No active profile set, falling back to 1 default profile: "default"
2025-11-03 17:02:39.915  INFO 2108 --- [restartedMain] o.s.b.w.embedded.tomcat.TomcatWebServer  : Tomcat initialized with port 8080 (http)
2025-11-03 17:02:39.915  INFO 2108 --- [restartedMain] o.apache.catalina.core.StandardService   : Starting service [Tomcat]
2025-11-03 17:02:39.915  INFO 2108 --- [restartedMain] o.apache.catalina.core.StandardEngine    : Starting Servlet engine: [Apache Tomcat/10.1.48]
2025-11-03 17:02:39.930  INFO 2108 --- [restartedMain] o.a.c.c.C.[Tomcat-2].[localhost].[/]     : Initializing Spring embedded WebApplicationContext
2025-11-03 17:02:39.930  INFO 2108 --- [restartedMain] w.s.c.ServletWebServerApplicationContext : Root WebApplicationContext: initialization completed in 612 ms
2025-11-03 17:02:40.262  WARN 2108 --- [restartedMain] .s.s.UserDetailsServiceAutoConfiguration : 

Using generated security password: 4c6ad279-b340-4c58-80ea-a9276afb9e1a

This generated password is for development use only. Your security configuration must be updated before running your application in production.

2025-11-03 17:02:40.277  INFO 2108 --- [restartedMain] r$InitializeUserDetailsManagerConfigurer : Global AuthenticationManager configured with UserDetailsService bean with name inMemoryUserDetailsManager
2025-11-03 17:02:40.308  INFO 2108 --- [restartedMain] o.s.b.a.w.s.WelcomePageHandlerMapping    : Adding welcome page template: index
2025-11-03 17:02:40.570  INFO 2108 --- [restartedMain] o.s.b.a.e.web.EndpointLinksResolver      : Exposing 1 endpoint beneath base path '/actuator'
2025-11-03 17:02:41.312  INFO 2108 --- [restartedMain] o.s.b.d.a.OptionalLiveReloadServer       : LiveReload server is running on port 35729
2025-11-03 17:02:41.327  INFO 2108 --- [restartedMain] o.s.b.w.embedded.tomcat.TomcatWebServer  : Tomcat started on port 8080 (http) with context path '/'
2025-11-03 17:02:41.343  INFO 2108 --- [restartedMain] project.gasnow.GasNowApplication         : Started GasNowApplication in 2.057 seconds (process running for 3462.066)
2025-11-03 17:02:41.343  INFO 2108 --- [restartedMain] .ConditionEvaluationDeltaLoggingListener : Condition evaluation unchanged
2025-11-03 17:05:49.521  INFO 2108 --- [File Watcher] rtingClassPathChangeChangedEventListener : Restarting due to 3 class path changes (0 additions, 3 deletions, 0 modifications)
2025-11-03 17:05:49.524  INFO 2108 --- [Thread-61] o.s.b.w.e.tomcat.GracefulShutdown        : Commencing graceful shutdown. Waiting for active requests to complete
2025-11-03 17:05:49.524  INFO 2108 --- [tomcat-shutdown] o.s.b.w.e.tomcat.GracefulShutdown        : Graceful shutdown complete
2025-11-03 17:05:49.621  INFO 2108 --- [restartedMain] project.gasnow.GasNowApplication         : Starting GasNowApplication using Java 21.0.8 with PID 2108 (C:\Users\TJ\Desktop\test\GasNOW\build\classes\java\main started by TJ in C:\Users\TJ\Desktop\test\GasNOW)
2025-11-03 17:05:49.621  INFO 2108 --- [restartedMain] project.gasnow.GasNowApplication         : No active profile set, falling back to 1 default profile: "default"
2025-11-03 17:05:50.350  INFO 2108 --- [restartedMain] o.s.b.w.embedded.tomcat.TomcatWebServer  : Tomcat initialized with port 8080 (http)
2025-11-03 17:05:50.366  INFO 2108 --- [restartedMain] o.apache.catalina.core.StandardService   : Starting service [Tomcat]
2025-11-03 17:05:50.366  INFO 2108 --- [restartedMain] o.apache.catalina.core.StandardEngine    : Starting Servlet engine: [Apache Tomcat/10.1.48]
2025-11-03 17:05:50.382  INFO 2108 --- [restartedMain] o.a.c.c.C.[Tomcat-2].[localhost].[/]     : Initializing Spring embedded WebApplicationContext
2025-11-03 17:05:50.382  INFO 2108 --- [restartedMain] w.s.c.ServletWebServerApplicationContext : Root WebApplicationContext: initialization completed in 761 ms
2025-11-03 17:05:50.702  WARN 2108 --- [restartedMain] .s.s.UserDetailsServiceAutoConfiguration : 

Using generated security password: 2a19c8d9-1bc8-4047-863d-491e794712bd

This generated password is for development use only. Your security configuration must be updated before running your application in production.

2025-11-03 17:05:50.702  INFO 2108 --- [restartedMain] r$InitializeUserDetailsManagerConfigurer : Global AuthenticationManager configured with UserDetailsService bean with name inMemoryUserDetailsManager
2025-11-03 17:05:50.749  INFO 2108 --- [restartedMain] o.s.b.a.w.s.WelcomePageHandlerMapping    : Adding welcome page template: index
2025-11-03 17:05:50.983  INFO 2108 --- [restartedMain] o.s.b.a.e.web.EndpointLinksResolver      : Exposing 1 endpoint beneath base path '/actuator'
2025-11-03 17:05:51.361  INFO 2108 --- [restartedMain] o.s.b.d.a.OptionalLiveReloadServer       : LiveReload server is running on port 35729
2025-11-03 17:05:51.377  INFO 2108 --- [restartedMain] o.s.b.w.embedded.tomcat.TomcatWebServer  : Tomcat started on port 8080 (http) with context path '/'
2025-11-03 17:05:51.377  INFO 2108 --- [restartedMain] project.gasnow.GasNowApplication         : Started GasNowApplication in 1.787 seconds (process running for 3652.107)
2025-11-03 17:05:51.377  INFO 2108 --- [restartedMain] .ConditionEvaluationDeltaLoggingListener : Condition evaluation unchanged
2025-11-03 17:10:36.634  INFO 2108 --- [File Watcher] rtingClassPathChangeChangedEventListener : Restarting due to 37 class path changes (0 additions, 0 deletions, 37 modifications)
2025-11-03 17:10:36.634  INFO 2108 --- [Thread-65] o.s.b.w.e.tomcat.GracefulShutdown        : Commencing graceful shutdown. Waiting for active requests to complete
2025-11-03 17:10:36.634  INFO 2108 --- [tomcat-shutdown] o.s.b.w.e.tomcat.GracefulShutdown        : Graceful shutdown complete
2025-11-03 17:10:36.732  INFO 2108 --- [restartedMain] project.gasnow.GasNowApplication         : Starting GasNowApplication using Java 21.0.8 with PID 2108 (C:\Users\TJ\Desktop\test\GasNOW\build\classes\java\main started by TJ in C:\Users\TJ\Desktop\test\GasNOW)
2025-11-03 17:10:36.732  INFO 2108 --- [restartedMain] project.gasnow.GasNowApplication         : No active profile set, falling back to 1 default profile: "default"
2025-11-03 17:10:37.329  INFO 2108 --- [restartedMain] o.s.b.w.embedded.tomcat.TomcatWebServer  : Tomcat initialized with port 8080 (http)
2025-11-03 17:10:37.329  INFO 2108 --- [restartedMain] o.apache.catalina.core.StandardService   : Starting service [Tomcat]
2025-11-03 17:10:37.329  INFO 2108 --- [restartedMain] o.apache.catalina.core.StandardEngine    : Starting Servlet engine: [Apache Tomcat/10.1.48]
2025-11-03 17:10:37.345  INFO 2108 --- [restartedMain] o.a.c.c.C.[Tomcat-2].[localhost].[/]     : Initializing Spring embedded WebApplicationContext
2025-11-03 17:10:37.345  INFO 2108 --- [restartedMain] w.s.c.ServletWebServerApplicationContext : Root WebApplicationContext: initialization completed in 610 ms
2025-11-03 17:10:37.539  WARN 2108 --- [restartedMain] ConfigServletWebServerApplicationContext : Exception encountered during context initialization - cancelling refresh attempt: org.springframework.beans.factory.UnsatisfiedDependencyException: Error creating bean with name 'chartController' defined in file [C:\Users\TJ\Desktop\test\GasNOW\build\classes\java\main\project\gasnow\chart\controller\ChartController.class]: Unsatisfied dependency expressed through constructor parameter 0: Error creating bean with name 'chartServiceImpl' defined in file [C:\Users\TJ\Desktop\test\GasNOW\build\classes\java\main\project\gasnow\chart\model\service\ChartServiceImpl.class]: Unsatisfied dependency expressed through constructor parameter 0: Error creating bean with name 'chartMapper' defined in file [C:\Users\TJ\Desktop\test\GasNOW\build\classes\java\main\project\gasnow\chart\model\mapper\ChartMapper.class]: Cannot resolve reference to bean 'sqlSessionTemplate' while setting bean property 'sqlSessionTemplate'
2025-11-03 17:10:37.539  INFO 2108 --- [restartedMain] o.apache.catalina.core.StandardService   : Stopping service [Tomcat]
2025-11-03 17:10:37.554  INFO 2108 --- [restartedMain] .s.b.a.l.ConditionEvaluationReportLogger : 

Error starting ApplicationContext. To display the condition evaluation report re-run your application with 'debug' enabled.
2025-11-03 17:10:37.554 ERROR 2108 --- [restartedMain] o.s.boot.SpringApplication               : Application run failed

org.springframework.beans.factory.UnsatisfiedDependencyException: Error creating bean with name 'chartController' defined in file [C:\Users\TJ\Desktop\test\GasNOW\build\classes\java\main\project\gasnow\chart\controller\ChartController.class]: Unsatisfied dependency expressed through constructor parameter 0: Error creating bean with name 'chartServiceImpl' defined in file [C:\Users\TJ\Desktop\test\GasNOW\build\classes\java\main\project\gasnow\chart\model\service\ChartServiceImpl.class]: Unsatisfied dependency expressed through constructor parameter 0: Error creating bean with name 'chartMapper' defined in file [C:\Users\TJ\Desktop\test\GasNOW\build\classes\java\main\project\gasnow\chart\model\mapper\ChartMapper.class]: Cannot resolve reference to bean 'sqlSessionTemplate' while setting bean property 'sqlSessionTemplate'
	at org.springframework.beans.factory.support.ConstructorResolver.createArgumentArray(ConstructorResolver.java:804)
	at org.springframework.beans.factory.support.ConstructorResolver.autowireConstructor(ConstructorResolver.java:240)
	at org.springframework.beans.factory.support.AbstractAutowireCapableBeanFactory.autowireConstructor(AbstractAutowireCapableBeanFactory.java:1395)
	at org.springframework.beans.factory.support.AbstractAutowireCapableBeanFactory.createBeanInstance(AbstractAutowireCapableBeanFactory.java:1232)
	at org.springframework.beans.factory.support.AbstractAutowireCapableBeanFactory.doCreateBean(AbstractAutowireCapableBeanFactory.java:569)
	at org.springframework.beans.factory.support.AbstractAutowireCapableBeanFactory.createBean(AbstractAutowireCapableBeanFactory.java:529)
	at org.springframework.beans.factory.support.AbstractBeanFactory.lambda$doGetBean$0(AbstractBeanFactory.java:339)
	at org.springframework.beans.factory.support.DefaultSingletonBeanRegistry.getSingleton(DefaultSingletonBeanRegistry.java:373)
	at org.springframework.beans.factory.support.AbstractBeanFactory.doGetBean(AbstractBeanFactory.java:337)
	at org.springframework.beans.factory.support.AbstractBeanFactory.getBean(AbstractBeanFactory.java:202)
	at org.springframework.beans.factory.support.DefaultListableBeanFactory.instantiateSingleton(DefaultListableBeanFactory.java:1228)
	at org.springframework.beans.factory.support.DefaultListableBeanFactory.preInstantiateSingleton(DefaultListableBeanFactory.java:1194)
	at org.springframework.beans.factory.support.DefaultListableBeanFactory.preInstantiateSingletons(DefaultListableBeanFactory.java:1130)
	at org.springframework.context.support.AbstractApplicationContext.finishBeanFactoryInitialization(AbstractApplicationContext.java:990)
	at org.springframework.context.support.AbstractApplicationContext.refresh(AbstractApplicationContext.java:627)
	at org.springframework.boot.web.servlet.context.ServletWebServerApplicationContext.refresh(ServletWebServerApplicationContext.java:146)
	at org.springframework.boot.SpringApplication.refresh(SpringApplication.java:752)
	at org.springframework.boot.SpringApplication.refreshContext(SpringApplication.java:439)
	at org.springframework.boot.SpringApplication.run(SpringApplication.java:318)
	at org.springframework.boot.SpringApplication.run(SpringApplication.java:1361)
	at org.springframework.boot.SpringApplication.run(SpringApplication.java:1350)
	at project.gasnow.GasNowApplication.main(GasNowApplication.java:12)
	at java.base/jdk.internal.reflect.DirectMethodHandleAccessor.invoke(DirectMethodHandleAccessor.java:103)
	at java.base/java.lang.reflect.Method.invoke(Method.java:580)
	at org.springframework.boot.devtools.restart.RestartLauncher.run(RestartLauncher.java:50)
Caused by: org.springframework.beans.factory.UnsatisfiedDependencyException: Error creating bean with name 'chartServiceImpl' defined in file [C:\Users\TJ\Desktop\test\GasNOW\build\classes\java\main\project\gasnow\chart\model\service\ChartServiceImpl.class]: Unsatisfied dependency expressed through constructor parameter 0: Error creating bean with name 'chartMapper' defined in file [C:\Users\TJ\Desktop\test\GasNOW\build\classes\java\main\project\gasnow\chart\model\mapper\ChartMapper.class]: Cannot resolve reference to bean 'sqlSessionTemplate' while setting bean property 'sqlSessionTemplate'
	at org.springframework.beans.factory.support.ConstructorResolver.createArgumentArray(ConstructorResolver.java:804)
	at org.springframework.beans.factory.support.ConstructorResolver.autowireConstructor(ConstructorResolver.java:240)
	at org.springframework.beans.factory.support.AbstractAutowireCapableBeanFactory.autowireConstructor(AbstractAutowireCapableBeanFactory.java:1395)
	at org.springframework.beans.factory.support.AbstractAutowireCapableBeanFactory.createBeanInstance(AbstractAutowireCapableBeanFactory.java:1232)
	at org.springframework.beans.factory.support.AbstractAutowireCapableBeanFactory.doCreateBean(AbstractAutowireCapableBeanFactory.java:569)
	at org.springframework.beans.factory.support.AbstractAutowireCapableBeanFactory.createBean(AbstractAutowireCapableBeanFactory.java:529)
	at org.springframework.beans.factory.support.AbstractBeanFactory.lambda$doGetBean$0(AbstractBeanFactory.java:339)
	at org.springframework.beans.factory.support.DefaultSingletonBeanRegistry.getSingleton(DefaultSingletonBeanRegistry.java:373)
	at org.springframework.beans.factory.support.AbstractBeanFactory.doGetBean(AbstractBeanFactory.java:337)
	at org.springframework.beans.factory.support.AbstractBeanFactory.getBean(AbstractBeanFactory.java:202)
	at org.springframework.beans.factory.config.DependencyDescriptor.resolveCandidate(DependencyDescriptor.java:254)
	at org.springframework.beans.factory.support.DefaultListableBeanFactory.doResolveDependency(DefaultListableBeanFactory.java:1770)
	at org.springframework.beans.factory.support.DefaultListableBeanFactory.resolveDependency(DefaultListableBeanFactory.java:1653)
	at org.springframework.beans.factory.support.ConstructorResolver.resolveAutowiredArgument(ConstructorResolver.java:913)
	at org.springframework.beans.factory.support.ConstructorResolver.createArgumentArray(ConstructorResolver.java:791)
	... 24 common frames omitted
Caused by: org.springframework.beans.factory.BeanCreationException: Error creating bean with name 'chartMapper' defined in file [C:\Users\TJ\Desktop\test\GasNOW\build\classes\java\main\project\gasnow\chart\model\mapper\ChartMapper.class]: Cannot resolve reference to bean 'sqlSessionTemplate' while setting bean property 'sqlSessionTemplate'
	at org.springframework.beans.factory.support.BeanDefinitionValueResolver.resolveReference(BeanDefinitionValueResolver.java:377)
	at org.springframework.beans.factory.support.BeanDefinitionValueResolver.resolveValueIfNecessary(BeanDefinitionValueResolver.java:135)
	at org.springframework.beans.factory.support.AbstractAutowireCapableBeanFactory.applyPropertyValues(AbstractAutowireCapableBeanFactory.java:1725)
	at org.springframework.beans.factory.support.AbstractAutowireCapableBeanFactory.populateBean(AbstractAutowireCapableBeanFactory.java:1474)
	at org.springframework.beans.factory.support.AbstractAutowireCapableBeanFactory.doCreateBean(AbstractAutowireCapableBeanFactory.java:606)
	at org.springframework.beans.factory.support.AbstractAutowireCapableBeanFactory.createBean(AbstractAutowireCapableBeanFactory.java:529)
	at org.springframework.beans.factory.support.AbstractBeanFactory.lambda$doGetBean$0(AbstractBeanFactory.java:339)
	at org.springframework.beans.factory.support.DefaultSingletonBeanRegistry.getSingleton(DefaultSingletonBeanRegistry.java:373)
	at org.springframework.beans.factory.support.AbstractBeanFactory.doGetBean(AbstractBeanFactory.java:337)
	at org.springframework.beans.factory.support.AbstractBeanFactory.getBean(AbstractBeanFactory.java:202)
	at org.springframework.beans.factory.support.DefaultListableBeanFactory.doResolveDependency(DefaultListableBeanFactory.java:1708)
	at org.springframework.beans.factory.support.DefaultListableBeanFactory.resolveDependency(DefaultListableBeanFactory.java:1653)
	at org.springframework.beans.factory.support.ConstructorResolver.resolveAutowiredArgument(ConstructorResolver.java:913)
	at org.springframework.beans.factory.support.ConstructorResolver.createArgumentArray(ConstructorResolver.java:791)
	... 38 common frames omitted
Caused by: org.springframework.beans.factory.UnsatisfiedDependencyException: Error creating bean with name 'sqlSessionTemplate' defined in class path resource [project/gasnow/common/config/DBConfig.class]: Unsatisfied dependency expressed through method 'sqlSessionTemplate' parameter 0: Error creating bean with name 'sqlSessionFactory' defined in class path resource [project/gasnow/common/config/DBConfig.class]: Failed to instantiate [org.apache.ibatis.session.SqlSessionFactory]: Factory method 'sqlSessionFactory' threw exception with message: Failed to parse mapping resource: 'file [C:\Users\TJ\Desktop\test\GasNOW\build\resources\main\mappers\chart\ChartMapper.xml]'
	at org.springframework.beans.factory.support.ConstructorResolver.createArgumentArray(ConstructorResolver.java:804)
	at org.springframework.beans.factory.support.ConstructorResolver.instantiateUsingFactoryMethod(ConstructorResolver.java:546)
	at org.springframework.beans.factory.support.AbstractAutowireCapableBeanFactory.instantiateUsingFactoryMethod(AbstractAutowireCapableBeanFactory.java:1375)
	at org.springframework.beans.factory.support.AbstractAutowireCapableBeanFactory.createBeanInstance(AbstractAutowireCapableBeanFactory.java:1205)
	at org.springframework.beans.factory.support.AbstractAutowireCapableBeanFactory.doCreateBean(AbstractAutowireCapableBeanFactory.java:569)
	at org.springframework.beans.factory.support.AbstractAutowireCapableBeanFactory.createBean(AbstractAutowireCapableBeanFactory.java:529)
	at org.springframework.beans.factory.support.AbstractBeanFactory.lambda$doGetBean$0(AbstractBeanFactory.java:339)
	at org.springframework.beans.factory.support.DefaultSingletonBeanRegistry.getSingleton(DefaultSingletonBeanRegistry.java:373)
	at org.springframework.beans.factory.support.AbstractBeanFactory.doGetBean(AbstractBeanFactory.java:337)
	at org.springframework.beans.factory.support.AbstractBeanFactory.getBean(AbstractBeanFactory.java:202)
	at org.springframework.beans.factory.support.BeanDefinitionValueResolver.resolveReference(BeanDefinitionValueResolver.java:365)
	... 51 common frames omitted
Caused by: org.springframework.beans.factory.BeanCreationException: Error creating bean with name 'sqlSessionFactory' defined in class path resource [project/gasnow/common/config/DBConfig.class]: Failed to instantiate [org.apache.ibatis.session.SqlSessionFactory]: Factory method 'sqlSessionFactory' threw exception with message: Failed to parse mapping resource: 'file [C:\Users\TJ\Desktop\test\GasNOW\build\resources\main\mappers\chart\ChartMapper.xml]'
	at org.springframework.beans.factory.support.ConstructorResolver.instantiate(ConstructorResolver.java:657)
	at org.springframework.beans.factory.support.ConstructorResolver.instantiateUsingFactoryMethod(ConstructorResolver.java:645)
	at org.springframework.beans.factory.support.AbstractAutowireCapableBeanFactory.instantiateUsingFactoryMethod(AbstractAutowireCapableBeanFactory.java:1375)
	at org.springframework.beans.factory.support.AbstractAutowireCapableBeanFactory.createBeanInstance(AbstractAutowireCapableBeanFactory.java:1205)
	at org.springframework.beans.factory.support.AbstractAutowireCapableBeanFactory.doCreateBean(AbstractAutowireCapableBeanFactory.java:569)
	at org.springframework.beans.factory.support.AbstractAutowireCapableBeanFactory.createBean(AbstractAutowireCapableBeanFactory.java:529)
	at org.springframework.beans.factory.support.AbstractBeanFactory.lambda$doGetBean$0(AbstractBeanFactory.java:339)
	at org.springframework.beans.factory.support.DefaultSingletonBeanRegistry.getSingleton(DefaultSingletonBeanRegistry.java:373)
	at org.springframework.beans.factory.support.AbstractBeanFactory.doGetBean(AbstractBeanFactory.java:337)
	at org.springframework.beans.factory.support.AbstractBeanFactory.getBean(AbstractBeanFactory.java:202)
	at org.springframework.beans.factory.support.DefaultListableBeanFactory.doResolveDependency(DefaultListableBeanFactory.java:1708)
	at org.springframework.beans.factory.support.DefaultListableBeanFactory.resolveDependency(DefaultListableBeanFactory.java:1653)
	at org.springframework.beans.factory.support.ConstructorResolver.resolveAutowiredArgument(ConstructorResolver.java:913)
	at org.springframework.beans.factory.support.ConstructorResolver.createArgumentArray(ConstructorResolver.java:791)
	... 61 common frames omitted
Caused by: org.springframework.beans.BeanInstantiationException: Failed to instantiate [org.apache.ibatis.session.SqlSessionFactory]: Factory method 'sqlSessionFactory' threw exception with message: Failed to parse mapping resource: 'file [C:\Users\TJ\Desktop\test\GasNOW\build\resources\main\mappers\chart\ChartMapper.xml]'
	at org.springframework.beans.factory.support.SimpleInstantiationStrategy.lambda$instantiate$0(SimpleInstantiationStrategy.java:200)
	at org.springframework.beans.factory.support.SimpleInstantiationStrategy.instantiateWithFactoryMethod(SimpleInstantiationStrategy.java:89)
	at org.springframework.beans.factory.support.SimpleInstantiationStrategy.instantiate(SimpleInstantiationStrategy.java:169)
	at org.springframework.beans.factory.support.ConstructorResolver.instantiate(ConstructorResolver.java:653)
	... 74 common frames omitted
Caused by: java.io.IOException: Failed to parse mapping resource: 'file [C:\Users\TJ\Desktop\test\GasNOW\build\resources\main\mappers\chart\ChartMapper.xml]'
	at org.mybatis.spring.SqlSessionFactoryBean.buildSqlSessionFactory(SqlSessionFactoryBean.java:695)
	at org.mybatis.spring.SqlSessionFactoryBean.afterPropertiesSet(SqlSessionFactoryBean.java:572)
	at org.mybatis.spring.SqlSessionFactoryBean.getObject(SqlSessionFactoryBean.java:712)
	at project.gasnow.common.config.DBConfig.sqlSessionFactory(DBConfig.java:34)
	at project.gasnow.common.config.DBConfig$$SpringCGLIB$$0.CGLIB$sqlSessionFactory$1(<generated>)
	at project.gasnow.common.config.DBConfig$$SpringCGLIB$$FastClass$$1.invoke(<generated>)
	at org.springframework.cglib.proxy.MethodProxy.invokeSuper(MethodProxy.java:258)
	at org.springframework.context.annotation.ConfigurationClassEnhancer$BeanMethodInterceptor.intercept(ConfigurationClassEnhancer.java:400)
	at project.gasnow.common.config.DBConfig$$SpringCGLIB$$0.sqlSessionFactory(<generated>)
	at java.base/jdk.internal.reflect.DirectMethodHandleAccessor.invoke(DirectMethodHandleAccessor.java:103)
	at java.base/java.lang.reflect.Method.invoke(Method.java:580)
	at org.springframework.beans.factory.support.SimpleInstantiationStrategy.lambda$instantiate$0(SimpleInstantiationStrategy.java:172)
	... 77 common frames omitted
Caused by: org.apache.ibatis.builder.BuilderException: Error parsing Mapper XML. The XML location is 'file [C:\Users\TJ\Desktop\test\GasNOW\build\resources\main\mappers\chart\ChartMapper.xml]'. Cause: org.apache.ibatis.builder.BuilderException: Error resolving class. Cause: org.apache.ibatis.type.TypeException: Could not resolve type alias ''.  Cause: java.lang.ClassNotFoundException: Cannot find class: 
	at org.apache.ibatis.builder.xml.XMLMapperBuilder.configurationElement(XMLMapperBuilder.java:125)
	at org.apache.ibatis.builder.xml.XMLMapperBuilder.parse(XMLMapperBuilder.java:98)
	at org.mybatis.spring.SqlSessionFactoryBean.buildSqlSessionFactory(SqlSessionFactoryBean.java:693)
	... 88 common frames omitted
Caused by: org.apache.ibatis.builder.BuilderException: Error resolving class. Cause: org.apache.ibatis.type.TypeException: Could not resolve type alias ''.  Cause: java.lang.ClassNotFoundException: Cannot find class: 
	at org.apache.ibatis.builder.BaseBuilder.resolveClass(BaseBuilder.java:103)
	at org.apache.ibatis.builder.xml.XMLStatementBuilder.parseStatementNode(XMLStatementBuilder.java:78)
	at org.apache.ibatis.builder.xml.XMLMapperBuilder.buildStatementFromContext(XMLMapperBuilder.java:141)
	at org.apache.ibatis.builder.xml.XMLMapperBuilder.buildStatementFromContext(XMLMapperBuilder.java:133)
	at org.apache.ibatis.builder.xml.XMLMapperBuilder.configurationElement(XMLMapperBuilder.java:123)
	... 90 common frames omitted
Caused by: org.apache.ibatis.type.TypeException: Could not resolve type alias ''.  Cause: java.lang.ClassNotFoundException: Cannot find class: 
	at org.apache.ibatis.type.TypeAliasRegistry.resolveAlias(TypeAliasRegistry.java:128)
	at org.apache.ibatis.builder.BaseBuilder.resolveAlias(BaseBuilder.java:132)
	at org.apache.ibatis.builder.BaseBuilder.resolveClass(BaseBuilder.java:101)
	... 94 common frames omitted
Caused by: java.lang.ClassNotFoundException: Cannot find class: 
	at org.apache.ibatis.io.ClassLoaderWrapper.classForName(ClassLoaderWrapper.java:226)
	at org.apache.ibatis.io.ClassLoaderWrapper.classForName(ClassLoaderWrapper.java:103)
	at org.apache.ibatis.io.Resources.classForName(Resources.java:322)
	at org.apache.ibatis.type.TypeAliasRegistry.resolveAlias(TypeAliasRegistry.java:124)
	... 96 common frames omitted

2025-11-03 17:14:02.385  INFO 2108 --- [restartedMain] project.gasnow.GasNowApplication         : Starting GasNowApplication using Java 21.0.8 with PID 2108 (C:\Users\TJ\Desktop\test\GasNOW\build\classes\java\main started by TJ in C:\Users\TJ\Desktop\test\GasNOW)
2025-11-03 17:14:02.385  INFO 2108 --- [restartedMain] project.gasnow.GasNowApplication         : No active profile set, falling back to 1 default profile: "default"
2025-11-03 17:14:02.957  INFO 2108 --- [restartedMain] o.s.b.w.embedded.tomcat.TomcatWebServer  : Tomcat initialized with port 8080 (http)
2025-11-03 17:14:02.957  INFO 2108 --- [restartedMain] o.apache.catalina.core.StandardService   : Starting service [Tomcat]
2025-11-03 17:14:02.957  INFO 2108 --- [restartedMain] o.apache.catalina.core.StandardEngine    : Starting Servlet engine: [Apache Tomcat/10.1.48]
2025-11-03 17:14:02.973  INFO 2108 --- [restartedMain] o.a.c.c.C.[Tomcat-3].[localhost].[/]     : Initializing Spring embedded WebApplicationContext
2025-11-03 17:14:02.973  INFO 2108 --- [restartedMain] w.s.c.ServletWebServerApplicationContext : Root WebApplicationContext: initialization completed in 586 ms
2025-11-03 17:14:03.331  WARN 2108 --- [restartedMain] .s.s.UserDetailsServiceAutoConfiguration : 

Using generated security password: fb635a89-5ea7-412e-ae58-7613d822a446

This generated password is for development use only. Your security configuration must be updated before running your application in production.

2025-11-03 17:14:03.341  INFO 2108 --- [restartedMain] r$InitializeUserDetailsManagerConfigurer : Global AuthenticationManager configured with UserDetailsService bean with name inMemoryUserDetailsManager
2025-11-03 17:14:03.379  INFO 2108 --- [restartedMain] o.s.b.a.w.s.WelcomePageHandlerMapping    : Adding welcome page template: index
2025-11-03 17:14:03.630  INFO 2108 --- [restartedMain] o.s.b.a.e.web.EndpointLinksResolver      : Exposing 1 endpoint beneath base path '/actuator'
2025-11-03 17:14:04.031  INFO 2108 --- [restartedMain] o.s.b.d.a.OptionalLiveReloadServer       : LiveReload server is running on port 35729
2025-11-03 17:14:04.055  INFO 2108 --- [restartedMain] o.s.b.w.embedded.tomcat.TomcatWebServer  : Tomcat started on port 8080 (http) with context path '/'
2025-11-03 17:14:04.065  INFO 2108 --- [restartedMain] project.gasnow.GasNowApplication         : Started GasNowApplication in 1.711 seconds (process running for 4144.781)
2025-11-03 17:14:04.066  INFO 2108 --- [restartedMain] .ConditionEvaluationDeltaLoggingListener : Condition evaluation unchanged
2025-11-03 17:26:16.121  INFO 2108 --- [File Watcher] rtingClassPathChangeChangedEventListener : Restarting due to 1 class path change (0 additions, 1 deletion, 0 modifications)
2025-11-03 17:26:16.121  INFO 2108 --- [Thread-69] o.s.b.w.e.tomcat.GracefulShutdown        : Commencing graceful shutdown. Waiting for active requests to complete
2025-11-03 17:26:16.131  INFO 2108 --- [tomcat-shutdown] o.s.b.w.e.tomcat.GracefulShutdown        : Graceful shutdown complete
2025-11-03 17:26:16.230  INFO 2108 --- [restartedMain] project.gasnow.GasNowApplication         : Starting GasNowApplication using Java 21.0.8 with PID 2108 (C:\Users\TJ\Desktop\test\GasNOW\build\classes\java\main started by TJ in C:\Users\TJ\Desktop\test\GasNOW)
2025-11-03 17:26:16.230  INFO 2108 --- [restartedMain] project.gasnow.GasNowApplication         : No active profile set, falling back to 1 default profile: "default"
2025-11-03 17:26:18.020  INFO 2108 --- [restartedMain] o.s.b.w.embedded.tomcat.TomcatWebServer  : Tomcat initialized with port 8080 (http)
2025-11-03 17:26:18.022  INFO 2108 --- [restartedMain] o.apache.catalina.core.StandardService   : Starting service [Tomcat]
2025-11-03 17:26:18.022  INFO 2108 --- [restartedMain] o.apache.catalina.core.StandardEngine    : Starting Servlet engine: [Apache Tomcat/10.1.48]
2025-11-03 17:26:18.048  INFO 2108 --- [restartedMain] o.a.c.c.C.[Tomcat-3].[localhost].[/]     : Initializing Spring embedded WebApplicationContext
2025-11-03 17:26:18.048  INFO 2108 --- [restartedMain] w.s.c.ServletWebServerApplicationContext : Root WebApplicationContext: initialization completed in 1818 ms
2025-11-03 17:26:18.318  WARN 2108 --- [restartedMain] ConfigServletWebServerApplicationContext : Exception encountered during context initialization - cancelling refresh attempt: org.springframework.beans.factory.UnsatisfiedDependencyException: Error creating bean with name 'chartController' defined in file [C:\Users\TJ\Desktop\test\GasNOW\build\classes\java\main\project\gasnow\chart\controller\ChartController.class]: Unsatisfied dependency expressed through constructor parameter 0: No qualifying bean of type 'project.gasnow.chart.model.service.ChartService' available: expected at least 1 bean which qualifies as autowire candidate. Dependency annotations: {}
2025-11-03 17:26:18.319  INFO 2108 --- [restartedMain] o.apache.catalina.core.StandardService   : Stopping service [Tomcat]
2025-11-03 17:26:18.332  INFO 2108 --- [restartedMain] .s.b.a.l.ConditionEvaluationReportLogger : 

Error starting ApplicationContext. To display the condition evaluation report re-run your application with 'debug' enabled.
2025-11-03 17:26:18.338 ERROR 2108 --- [restartedMain] o.s.b.d.LoggingFailureAnalysisReporter   : 

***************************
APPLICATION FAILED TO START
***************************

Description:

Parameter 0 of constructor in project.gasnow.chart.controller.ChartController required a bean of type 'project.gasnow.chart.model.service.ChartService' that could not be found.


Action:

Consider defining a bean of type 'project.gasnow.chart.model.service.ChartService' in your configuration.

2025-11-03 17:40:59.809  INFO 2108 --- [restartedMain] project.gasnow.GasNowApplication         : Starting GasNowApplication using Java 21.0.8 with PID 2108 (C:\Users\TJ\Desktop\test\GasNOW\build\classes\java\main started by TJ in C:\Users\TJ\Desktop\test\GasNOW)
2025-11-03 17:40:59.810  INFO 2108 --- [restartedMain] project.gasnow.GasNowApplication         : No active profile set, falling back to 1 default profile: "default"
2025-11-03 17:41:00.389  INFO 2108 --- [restartedMain] o.s.b.w.embedded.tomcat.TomcatWebServer  : Tomcat initialized with port 8080 (http)
2025-11-03 17:41:00.390  INFO 2108 --- [restartedMain] o.apache.catalina.core.StandardService   : Starting service [Tomcat]
2025-11-03 17:41:00.390  INFO 2108 --- [restartedMain] o.apache.catalina.core.StandardEngine    : Starting Servlet engine: [Apache Tomcat/10.1.48]
2025-11-03 17:41:00.410  INFO 2108 --- [restartedMain] o.a.c.c.C.[Tomcat-4].[localhost].[/]     : Initializing Spring embedded WebApplicationContext
2025-11-03 17:41:00.410  INFO 2108 --- [restartedMain] w.s.c.ServletWebServerApplicationContext : Root WebApplicationContext: initialization completed in 599 ms
2025-11-03 17:41:00.749  WARN 2108 --- [restartedMain] .s.s.UserDetailsServiceAutoConfiguration : 

Using generated security password: 48c31e4e-e7c9-490f-9d5a-68dded7950dc

This generated password is for development use only. Your security configuration must be updated before running your application in production.

2025-11-03 17:41:00.752  INFO 2108 --- [restartedMain] r$InitializeUserDetailsManagerConfigurer : Global AuthenticationManager configured with UserDetailsService bean with name inMemoryUserDetailsManager
2025-11-03 17:41:00.789  INFO 2108 --- [restartedMain] o.s.b.a.w.s.WelcomePageHandlerMapping    : Adding welcome page template: index
2025-11-03 17:41:01.048  INFO 2108 --- [restartedMain] o.s.b.a.e.web.EndpointLinksResolver      : Exposing 1 endpoint beneath base path '/actuator'
2025-11-03 17:41:01.446  INFO 2108 --- [restartedMain] o.s.b.d.a.OptionalLiveReloadServer       : LiveReload server is running on port 35729
2025-11-03 17:41:01.467  INFO 2108 --- [restartedMain] o.s.b.w.embedded.tomcat.TomcatWebServer  : Tomcat started on port 8080 (http) with context path '/'
2025-11-03 17:41:01.477  INFO 2108 --- [restartedMain] project.gasnow.GasNowApplication         : Started GasNowApplication in 1.697 seconds (process running for 5762.194)
2025-11-03 17:41:01.478  INFO 2108 --- [restartedMain] .ConditionEvaluationDeltaLoggingListener : Condition evaluation unchanged
2025-11-03 17:43:10.446  INFO 2108 --- [File Watcher] rtingClassPathChangeChangedEventListener : Restarting due to 1 class path change (0 additions, 0 deletions, 1 modification)
2025-11-03 17:43:10.451  INFO 2108 --- [Thread-76] o.s.b.w.e.tomcat.GracefulShutdown        : Commencing graceful shutdown. Waiting for active requests to complete
2025-11-03 17:43:10.465  INFO 2108 --- [tomcat-shutdown] o.s.b.w.e.tomcat.GracefulShutdown        : Graceful shutdown complete
2025-11-03 17:43:10.581  INFO 2108 --- [restartedMain] project.gasnow.GasNowApplication         : Starting GasNowApplication using Java 21.0.8 with PID 2108 (C:\Users\TJ\Desktop\test\GasNOW\build\classes\java\main started by TJ in C:\Users\TJ\Desktop\test\GasNOW)
2025-11-03 17:43:10.582  INFO 2108 --- [restartedMain] project.gasnow.GasNowApplication         : No active profile set, falling back to 1 default profile: "default"
2025-11-03 17:43:11.260  INFO 2108 --- [restartedMain] o.s.b.w.embedded.tomcat.TomcatWebServer  : Tomcat initialized with port 8080 (http)
2025-11-03 17:43:11.260  INFO 2108 --- [restartedMain] o.apache.catalina.core.StandardService   : Starting service [Tomcat]
2025-11-03 17:43:11.260  INFO 2108 --- [restartedMain] o.apache.catalina.core.StandardEngine    : Starting Servlet engine: [Apache Tomcat/10.1.48]
2025-11-03 17:43:11.291  INFO 2108 --- [restartedMain] o.a.c.c.C.[Tomcat-4].[localhost].[/]     : Initializing Spring embedded WebApplicationContext
2025-11-03 17:43:11.291  INFO 2108 --- [restartedMain] w.s.c.ServletWebServerApplicationContext : Root WebApplicationContext: initialization completed in 707 ms
2025-11-03 17:43:11.781  WARN 2108 --- [restartedMain] .s.s.UserDetailsServiceAutoConfiguration : 

Using generated security password: 9a4846de-8be3-4c7e-9b78-554da789f6e4

This generated password is for development use only. Your security configuration must be updated before running your application in production.

2025-11-03 17:43:11.784  INFO 2108 --- [restartedMain] r$InitializeUserDetailsManagerConfigurer : Global AuthenticationManager configured with UserDetailsService bean with name inMemoryUserDetailsManager
2025-11-03 17:43:11.833  INFO 2108 --- [restartedMain] o.s.b.a.w.s.WelcomePageHandlerMapping    : Adding welcome page template: index
2025-11-03 17:43:12.334  INFO 2108 --- [restartedMain] o.s.b.a.e.web.EndpointLinksResolver      : Exposing 1 endpoint beneath base path '/actuator'
2025-11-03 17:43:13.164  INFO 2108 --- [restartedMain] o.s.b.d.a.OptionalLiveReloadServer       : LiveReload server is running on port 35729
2025-11-03 17:43:13.187  INFO 2108 --- [restartedMain] o.s.b.w.embedded.tomcat.TomcatWebServer  : Tomcat started on port 8080 (http) with context path '/'
2025-11-03 17:43:13.199  INFO 2108 --- [restartedMain] project.gasnow.GasNowApplication         : Started GasNowApplication in 2.65 seconds (process running for 5893.915)
2025-11-03 17:43:13.201  INFO 2108 --- [restartedMain] .ConditionEvaluationDeltaLoggingListener : Condition evaluation unchanged
2025-11-03 17:47:17.264  INFO 2108 --- [File Watcher] rtingClassPathChangeChangedEventListener : Restarting due to 1 class path change (0 additions, 0 deletions, 1 modification)
2025-11-03 17:47:17.265  INFO 2108 --- [Thread-83] o.s.b.w.e.tomcat.GracefulShutdown        : Commencing graceful shutdown. Waiting for active requests to complete
2025-11-03 17:47:17.269  INFO 2108 --- [tomcat-shutdown] o.s.b.w.e.tomcat.GracefulShutdown        : Graceful shutdown complete
2025-11-03 17:47:17.403  INFO 2108 --- [restartedMain] project.gasnow.GasNowApplication         : Starting GasNowApplication using Java 21.0.8 with PID 2108 (C:\Users\TJ\Desktop\test\GasNOW\build\classes\java\main started by TJ in C:\Users\TJ\Desktop\test\GasNOW)
2025-11-03 17:47:17.403  INFO 2108 --- [restartedMain] project.gasnow.GasNowApplication         : No active profile set, falling back to 1 default profile: "default"
2025-11-03 17:47:18.215  INFO 2108 --- [restartedMain] o.s.b.w.embedded.tomcat.TomcatWebServer  : Tomcat initialized with port 8080 (http)
2025-11-03 17:47:18.215  INFO 2108 --- [restartedMain] o.apache.catalina.core.StandardService   : Starting service [Tomcat]
2025-11-03 17:47:18.215  INFO 2108 --- [restartedMain] o.apache.catalina.core.StandardEngine    : Starting Servlet engine: [Apache Tomcat/10.1.48]
2025-11-03 17:47:18.247  INFO 2108 --- [restartedMain] o.a.c.c.C.[Tomcat-4].[localhost].[/]     : Initializing Spring embedded WebApplicationContext
2025-11-03 17:47:18.247  INFO 2108 --- [restartedMain] w.s.c.ServletWebServerApplicationContext : Root WebApplicationContext: initialization completed in 840 ms
2025-11-03 17:47:18.681  WARN 2108 --- [restartedMain] .s.s.UserDetailsServiceAutoConfiguration : 

Using generated security password: e10ae3ce-fc63-4b3f-850f-5c124287c66d

This generated password is for development use only. Your security configuration must be updated before running your application in production.

2025-11-03 17:47:18.699  INFO 2108 --- [restartedMain] r$InitializeUserDetailsManagerConfigurer : Global AuthenticationManager configured with UserDetailsService bean with name inMemoryUserDetailsManager
2025-11-03 17:47:18.746  INFO 2108 --- [restartedMain] o.s.b.a.w.s.WelcomePageHandlerMapping    : Adding welcome page template: index
2025-11-03 17:47:19.501  INFO 2108 --- [restartedMain] o.s.b.a.e.web.EndpointLinksResolver      : Exposing 1 endpoint beneath base path '/actuator'
2025-11-03 17:47:19.948  INFO 2108 --- [restartedMain] o.s.b.d.a.OptionalLiveReloadServer       : LiveReload server is running on port 35729
2025-11-03 17:47:19.970  INFO 2108 --- [restartedMain] o.s.b.w.embedded.tomcat.TomcatWebServer  : Tomcat started on port 8080 (http) with context path '/'
2025-11-03 17:47:19.979  INFO 2108 --- [restartedMain] project.gasnow.GasNowApplication         : Started GasNowApplication in 2.647 seconds (process running for 6140.695)
2025-11-03 17:47:19.980  INFO 2108 --- [restartedMain] .ConditionEvaluationDeltaLoggingListener : Condition evaluation unchanged
2025-11-03 17:47:30.832  INFO 2108 --- [File Watcher] rtingClassPathChangeChangedEventListener : Restarting due to 1 class path change (0 additions, 1 deletion, 0 modifications)
2025-11-03 17:47:30.835  INFO 2108 --- [Thread-87] o.s.b.w.e.tomcat.GracefulShutdown        : Commencing graceful shutdown. Waiting for active requests to complete
2025-11-03 17:47:30.846  INFO 2108 --- [tomcat-shutdown] o.s.b.w.e.tomcat.GracefulShutdown        : Graceful shutdown complete
2025-11-03 17:47:31.025  INFO 2108 --- [restartedMain] project.gasnow.GasNowApplication         : Starting GasNowApplication using Java 21.0.8 with PID 2108 (C:\Users\TJ\Desktop\test\GasNOW\build\classes\java\main started by TJ in C:\Users\TJ\Desktop\test\GasNOW)
2025-11-03 17:47:31.028  INFO 2108 --- [restartedMain] project.gasnow.GasNowApplication         : No active profile set, falling back to 1 default profile: "default"
2025-11-03 17:47:31.727  INFO 2108 --- [restartedMain] o.s.b.w.embedded.tomcat.TomcatWebServer  : Tomcat initialized with port 8080 (http)
2025-11-03 17:47:31.727  INFO 2108 --- [restartedMain] o.apache.catalina.core.StandardService   : Starting service [Tomcat]
2025-11-03 17:47:31.728  INFO 2108 --- [restartedMain] o.apache.catalina.core.StandardEngine    : Starting Servlet engine: [Apache Tomcat/10.1.48]
2025-11-03 17:47:31.745  INFO 2108 --- [restartedMain] o.a.c.c.C.[Tomcat-4].[localhost].[/]     : Initializing Spring embedded WebApplicationContext
2025-11-03 17:47:31.745  INFO 2108 --- [restartedMain] w.s.c.ServletWebServerApplicationContext : Root WebApplicationContext: initialization completed in 714 ms
2025-11-03 17:47:32.116  WARN 2108 --- [restartedMain] .s.s.UserDetailsServiceAutoConfiguration : 

Using generated security password: 639576ba-9740-4054-accb-d78f9ef161d8

This generated password is for development use only. Your security configuration must be updated before running your application in production.

2025-11-03 17:47:32.119  INFO 2108 --- [restartedMain] r$InitializeUserDetailsManagerConfigurer : Global AuthenticationManager configured with UserDetailsService bean with name inMemoryUserDetailsManager
2025-11-03 17:47:32.163  INFO 2108 --- [restartedMain] o.s.b.a.w.s.WelcomePageHandlerMapping    : Adding welcome page template: index
2025-11-03 17:47:32.429  INFO 2108 --- [restartedMain] o.s.b.a.e.web.EndpointLinksResolver      : Exposing 1 endpoint beneath base path '/actuator'
2025-11-03 17:47:32.836  INFO 2108 --- [restartedMain] o.s.b.d.a.OptionalLiveReloadServer       : LiveReload server is running on port 35729
2025-11-03 17:47:32.857  INFO 2108 --- [restartedMain] o.s.b.w.embedded.tomcat.TomcatWebServer  : Tomcat started on port 8080 (http) with context path '/'
2025-11-03 17:47:32.865  INFO 2108 --- [restartedMain] project.gasnow.GasNowApplication         : Started GasNowApplication in 1.952 seconds (process running for 6153.581)
2025-11-03 17:47:32.866  INFO 2108 --- [restartedMain] .ConditionEvaluationDeltaLoggingListener : Condition evaluation unchanged
2025-11-03 17:49:45.841  INFO 2108 --- [File Watcher] rtingClassPathChangeChangedEventListener : Restarting due to 1 class path change (0 additions, 1 deletion, 0 modifications)
2025-11-03 17:49:45.843  INFO 2108 --- [Thread-91] o.s.b.w.e.tomcat.GracefulShutdown        : Commencing graceful shutdown. Waiting for active requests to complete
2025-11-03 17:49:45.847  INFO 2108 --- [tomcat-shutdown] o.s.b.w.e.tomcat.GracefulShutdown        : Graceful shutdown complete
2025-11-03 17:49:45.931  INFO 2108 --- [restartedMain] project.gasnow.GasNowApplication         : Starting GasNowApplication using Java 21.0.8 with PID 2108 (C:\Users\TJ\Desktop\test\GasNOW\build\classes\java\main started by TJ in C:\Users\TJ\Desktop\test\GasNOW)
2025-11-03 17:49:45.932  INFO 2108 --- [restartedMain] project.gasnow.GasNowApplication         : No active profile set, falling back to 1 default profile: "default"
2025-11-03 17:49:46.821  INFO 2108 --- [restartedMain] o.s.b.w.embedded.tomcat.TomcatWebServer  : Tomcat initialized with port 8080 (http)
2025-11-03 17:49:46.821  INFO 2108 --- [restartedMain] o.apache.catalina.core.StandardService   : Starting service [Tomcat]
2025-11-03 17:49:46.821  INFO 2108 --- [restartedMain] o.apache.catalina.core.StandardEngine    : Starting Servlet engine: [Apache Tomcat/10.1.48]
2025-11-03 17:49:46.836  INFO 2108 --- [restartedMain] o.a.c.c.C.[Tomcat-4].[localhost].[/]     : Initializing Spring embedded WebApplicationContext
2025-11-03 17:49:46.836  INFO 2108 --- [restartedMain] w.s.c.ServletWebServerApplicationContext : Root WebApplicationContext: initialization completed in 903 ms
2025-11-03 17:49:47.194  WARN 2108 --- [restartedMain] .s.s.UserDetailsServiceAutoConfiguration : 

Using generated security password: 1f4644c4-967a-4b9b-aff2-dc1a506f7447

This generated password is for development use only. Your security configuration must be updated before running your application in production.

2025-11-03 17:49:47.197  INFO 2108 --- [restartedMain] r$InitializeUserDetailsManagerConfigurer : Global AuthenticationManager configured with UserDetailsService bean with name inMemoryUserDetailsManager
2025-11-03 17:49:47.238  INFO 2108 --- [restartedMain] o.s.b.a.w.s.WelcomePageHandlerMapping    : Adding welcome page template: index
2025-11-03 17:49:47.526  INFO 2108 --- [restartedMain] o.s.b.a.e.web.EndpointLinksResolver      : Exposing 1 endpoint beneath base path '/actuator'
2025-11-03 17:49:47.853  INFO 2108 --- [restartedMain] o.s.b.d.a.OptionalLiveReloadServer       : LiveReload server is running on port 35729
2025-11-03 17:49:47.882  INFO 2108 --- [restartedMain] o.s.b.w.embedded.tomcat.TomcatWebServer  : Tomcat started on port 8080 (http) with context path '/'
2025-11-03 17:49:47.891  INFO 2108 --- [restartedMain] project.gasnow.GasNowApplication         : Started GasNowApplication in 1.987 seconds (process running for 6288.608)
2025-11-03 17:49:47.893  INFO 2108 --- [restartedMain] .ConditionEvaluationDeltaLoggingListener : Condition evaluation unchanged
2025-11-03 17:51:02.963  INFO 2108 --- [File Watcher] rtingClassPathChangeChangedEventListener : Restarting due to 1 class path change (0 additions, 0 deletions, 1 modification)
2025-11-03 17:51:02.963  INFO 2108 --- [Thread-95] o.s.b.w.e.tomcat.GracefulShutdown        : Commencing graceful shutdown. Waiting for active requests to complete
2025-11-03 17:51:02.963  INFO 2108 --- [tomcat-shutdown] o.s.b.w.e.tomcat.GracefulShutdown        : Graceful shutdown complete
2025-11-03 17:51:03.154  INFO 2108 --- [restartedMain] project.gasnow.GasNowApplication         : Starting GasNowApplication using Java 21.0.8 with PID 2108 (C:\Users\TJ\Desktop\test\GasNOW\build\classes\java\main started by TJ in C:\Users\TJ\Desktop\test\GasNOW)
2025-11-03 17:51:03.154  INFO 2108 --- [restartedMain] project.gasnow.GasNowApplication         : No active profile set, falling back to 1 default profile: "default"
2025-11-03 17:51:03.693  INFO 2108 --- [restartedMain] o.s.b.w.embedded.tomcat.TomcatWebServer  : Tomcat initialized with port 8080 (http)
2025-11-03 17:51:03.693  INFO 2108 --- [restartedMain] o.apache.catalina.core.StandardService   : Starting service [Tomcat]
2025-11-03 17:51:03.693  INFO 2108 --- [restartedMain] o.apache.catalina.core.StandardEngine    : Starting Servlet engine: [Apache Tomcat/10.1.48]
2025-11-03 17:51:03.708  INFO 2108 --- [restartedMain] o.a.c.c.C.[Tomcat-4].[localhost].[/]     : Initializing Spring embedded WebApplicationContext
2025-11-03 17:51:03.708  INFO 2108 --- [restartedMain] w.s.c.ServletWebServerApplicationContext : Root WebApplicationContext: initialization completed in 551 ms
2025-11-03 17:51:04.005  WARN 2108 --- [restartedMain] .s.s.UserDetailsServiceAutoConfiguration : 

Using generated security password: 2b893501-1f32-42f0-8b9f-3939f0212835

This generated password is for development use only. Your security configuration must be updated before running your application in production.

2025-11-03 17:51:04.021  INFO 2108 --- [restartedMain] r$InitializeUserDetailsManagerConfigurer : Global AuthenticationManager configured with UserDetailsService bean with name inMemoryUserDetailsManager
2025-11-03 17:51:04.058  INFO 2108 --- [restartedMain] o.s.b.a.w.s.WelcomePageHandlerMapping    : Adding welcome page template: index
2025-11-03 17:51:04.348  INFO 2108 --- [restartedMain] o.s.b.a.e.web.EndpointLinksResolver      : Exposing 1 endpoint beneath base path '/actuator'
2025-11-03 17:51:04.697  INFO 2108 --- [restartedMain] o.s.b.d.a.OptionalLiveReloadServer       : LiveReload server is running on port 35729
2025-11-03 17:51:04.718  INFO 2108 --- [restartedMain] o.s.b.w.embedded.tomcat.TomcatWebServer  : Tomcat started on port 8080 (http) with context path '/'
2025-11-03 17:51:04.727  INFO 2108 --- [restartedMain] project.gasnow.GasNowApplication         : Started GasNowApplication in 1.698 seconds (process running for 6365.443)
2025-11-03 17:51:04.728  INFO 2108 --- [restartedMain] .ConditionEvaluationDeltaLoggingListener : Condition evaluation unchanged
